{"C:\\taller_api\\mobile_app\\src\\api.js": {"path":"C:\\taller_api\\mobile_app\\src\\api.js","statementMap":{"0":{"start":{"line":6,"column":2},"end":{"line":31,"column":3}},"1":{"start":{"line":7,"column":20},"end":{"line":7,"column":41}},"2":{"start":{"line":8,"column":16},"end":{"line":8,"column":35}},"3":{"start":{"line":10,"column":21},"end":{"line":16,"column":6}},"4":{"start":{"line":18,"column":4},"end":{"line":27,"column":5}},"5":{"start":{"line":19,"column":18},"end":{"line":19,"column":57}},"6":{"start":{"line":19,"column":53},"end":{"line":19,"column":55}},"7":{"start":{"line":20,"column":21},"end":{"line":20,"column":31}},"8":{"start":{"line":21,"column":18},"end":{"line":25,"column":38}},"9":{"start":{"line":22,"column":26},"end":{"line":22,"column":52}},"10":{"start":{"line":26,"column":6},"end":{"line":26,"column":27}},"11":{"start":{"line":28,"column":4},"end":{"line":28,"column":33}},"12":{"start":{"line":30,"column":4},"end":{"line":30,"column":70}},"13":{"start":{"line":34,"column":19},"end":{"line":283,"column":1}},"14":{"start":{"line":35,"column":25},"end":{"line":35,"column":49}},"15":{"start":{"line":38,"column":4},"end":{"line":38,"column":59}},"16":{"start":{"line":40,"column":21},"end":{"line":40,"column":46}},"17":{"start":{"line":42,"column":22},"end":{"line":42,"column":55}},"18":{"start":{"line":44,"column":23},"end":{"line":44,"column":57}},"19":{"start":{"line":46,"column":24},"end":{"line":46,"column":59}},"20":{"start":{"line":48,"column":20},"end":{"line":48,"column":51}},"21":{"start":{"line":51,"column":4},"end":{"line":54,"column":6}},"22":{"start":{"line":57,"column":20},"end":{"line":57,"column":41}},"23":{"start":{"line":58,"column":21},"end":{"line":58,"column":35}},"24":{"start":{"line":59,"column":4},"end":{"line":59,"column":43}},"25":{"start":{"line":60,"column":4},"end":{"line":60,"column":75}},"26":{"start":{"line":60,"column":26},"end":{"line":60,"column":75}},"27":{"start":{"line":61,"column":4},"end":{"line":61,"column":66}},"28":{"start":{"line":61,"column":23},"end":{"line":61,"column":66}},"29":{"start":{"line":62,"column":4},"end":{"line":67,"column":5}},"30":{"start":{"line":63,"column":23},"end":{"line":63,"column":43}},"31":{"start":{"line":64,"column":18},"end":{"line":64,"column":57}},"32":{"start":{"line":65,"column":19},"end":{"line":65,"column":61}},"33":{"start":{"line":66,"column":6},"end":{"line":66,"column":61}},"34":{"start":{"line":68,"column":21},"end":{"line":74,"column":5}},"35":{"start":{"line":75,"column":4},"end":{"line":78,"column":5}},"36":{"start":{"line":76,"column":18},"end":{"line":76,"column":57}},"37":{"start":{"line":76,"column":53},"end":{"line":76,"column":55}},"38":{"start":{"line":77,"column":6},"end":{"line":77,"column":64}},"39":{"start":{"line":79,"column":4},"end":{"line":79,"column":33}},"40":{"start":{"line":83,"column":4},"end":{"line":86,"column":6}},"41":{"start":{"line":89,"column":20},"end":{"line":89,"column":41}},"42":{"start":{"line":90,"column":21},"end":{"line":90,"column":41}},"43":{"start":{"line":91,"column":16},"end":{"line":91,"column":55}},"44":{"start":{"line":92,"column":17},"end":{"line":92,"column":59}},"45":{"start":{"line":94,"column":21},"end":{"line":94,"column":35}},"46":{"start":{"line":95,"column":4},"end":{"line":95,"column":59}},"47":{"start":{"line":96,"column":4},"end":{"line":96,"column":34}},"48":{"start":{"line":97,"column":4},"end":{"line":97,"column":65}},"49":{"start":{"line":97,"column":21},"end":{"line":97,"column":65}},"50":{"start":{"line":99,"column":21},"end":{"line":102,"column":5}},"51":{"start":{"line":103,"column":4},"end":{"line":106,"column":5}},"52":{"start":{"line":104,"column":18},"end":{"line":104,"column":57}},"53":{"start":{"line":104,"column":53},"end":{"line":104,"column":55}},"54":{"start":{"line":105,"column":6},"end":{"line":105,"column":64}},"55":{"start":{"line":107,"column":4},"end":{"line":107,"column":33}},"56":{"start":{"line":111,"column":4},"end":{"line":114,"column":6}},"57":{"start":{"line":117,"column":4},"end":{"line":117,"column":73}},"58":{"start":{"line":119,"column":22},"end":{"line":119,"column":55}},"59":{"start":{"line":122,"column":20},"end":{"line":122,"column":41}},"60":{"start":{"line":123,"column":21},"end":{"line":126,"column":5}},"61":{"start":{"line":127,"column":4},"end":{"line":127,"column":66}},"62":{"start":{"line":127,"column":22},"end":{"line":127,"column":66}},"63":{"start":{"line":128,"column":4},"end":{"line":128,"column":27}},"64":{"start":{"line":131,"column":21},"end":{"line":131,"column":53}},"65":{"start":{"line":134,"column":4},"end":{"line":137,"column":6}},"66":{"start":{"line":140,"column":4},"end":{"line":140,"column":75}},"67":{"start":{"line":143,"column":4},"end":{"line":146,"column":6}},"68":{"start":{"line":149,"column":17},"end":{"line":149,"column":38}},"69":{"start":{"line":150,"column":18},"end":{"line":150,"column":93}},"70":{"start":{"line":151,"column":4},"end":{"line":151,"column":80}},"71":{"start":{"line":155,"column":17},"end":{"line":155,"column":38}},"72":{"start":{"line":156,"column":21},"end":{"line":159,"column":5}},"73":{"start":{"line":160,"column":4},"end":{"line":163,"column":5}},"74":{"start":{"line":161,"column":18},"end":{"line":161,"column":57}},"75":{"start":{"line":161,"column":53},"end":{"line":161,"column":55}},"76":{"start":{"line":162,"column":6},"end":{"line":162,"column":64}},"77":{"start":{"line":164,"column":4},"end":{"line":164,"column":20}},"78":{"start":{"line":167,"column":22},"end":{"line":167,"column":43}},"79":{"start":{"line":169,"column":28},"end":{"line":169,"column":56}},"80":{"start":{"line":171,"column":26},"end":{"line":171,"column":52}},"81":{"start":{"line":174,"column":20},"end":{"line":174,"column":41}},"82":{"start":{"line":175,"column":21},"end":{"line":182,"column":5}},"83":{"start":{"line":183,"column":4},"end":{"line":188,"column":5}},"84":{"start":{"line":184,"column":18},"end":{"line":184,"column":57}},"85":{"start":{"line":184,"column":53},"end":{"line":184,"column":55}},"86":{"start":{"line":185,"column":21},"end":{"line":185,"column":31}},"87":{"start":{"line":186,"column":18},"end":{"line":186,"column":163}},"88":{"start":{"line":186,"column":58},"end":{"line":186,"column":84}},"89":{"start":{"line":187,"column":6},"end":{"line":187,"column":27}},"90":{"start":{"line":189,"column":4},"end":{"line":189,"column":27}},"91":{"start":{"line":193,"column":20},"end":{"line":193,"column":41}},"92":{"start":{"line":194,"column":21},"end":{"line":197,"column":5}},"93":{"start":{"line":198,"column":4},"end":{"line":198,"column":66}},"94":{"start":{"line":198,"column":22},"end":{"line":198,"column":66}},"95":{"start":{"line":199,"column":4},"end":{"line":199,"column":27}},"96":{"start":{"line":203,"column":20},"end":{"line":203,"column":41}},"97":{"start":{"line":204,"column":21},"end":{"line":207,"column":5}},"98":{"start":{"line":208,"column":4},"end":{"line":208,"column":66}},"99":{"start":{"line":208,"column":22},"end":{"line":208,"column":66}},"100":{"start":{"line":209,"column":4},"end":{"line":209,"column":27}},"101":{"start":{"line":213,"column":20},"end":{"line":213,"column":41}},"102":{"start":{"line":214,"column":21},"end":{"line":214,"column":69}},"103":{"start":{"line":215,"column":16},"end":{"line":215,"column":88}},"104":{"start":{"line":216,"column":17},"end":{"line":216,"column":59}},"105":{"start":{"line":217,"column":21},"end":{"line":217,"column":74}},"106":{"start":{"line":218,"column":21},"end":{"line":218,"column":35}},"107":{"start":{"line":219,"column":4},"end":{"line":219,"column":59}},"108":{"start":{"line":220,"column":21},"end":{"line":226,"column":5}},"109":{"start":{"line":227,"column":4},"end":{"line":230,"column":5}},"110":{"start":{"line":228,"column":18},"end":{"line":228,"column":57}},"111":{"start":{"line":228,"column":53},"end":{"line":228,"column":55}},"112":{"start":{"line":229,"column":6},"end":{"line":229,"column":78}},"113":{"start":{"line":231,"column":4},"end":{"line":231,"column":27}},"114":{"start":{"line":235,"column":20},"end":{"line":235,"column":41}},"115":{"start":{"line":236,"column":21},"end":{"line":243,"column":5}},"116":{"start":{"line":244,"column":4},"end":{"line":251,"column":5}},"117":{"start":{"line":245,"column":18},"end":{"line":245,"column":57}},"118":{"start":{"line":245,"column":53},"end":{"line":245,"column":55}},"119":{"start":{"line":246,"column":21},"end":{"line":246,"column":31}},"120":{"start":{"line":247,"column":18},"end":{"line":249,"column":74}},"121":{"start":{"line":248,"column":26},"end":{"line":248,"column":52}},"122":{"start":{"line":250,"column":6},"end":{"line":250,"column":27}},"123":{"start":{"line":252,"column":4},"end":{"line":252,"column":27}},"124":{"start":{"line":256,"column":20},"end":{"line":256,"column":41}},"125":{"start":{"line":257,"column":21},"end":{"line":257,"column":35}},"126":{"start":{"line":258,"column":4},"end":{"line":258,"column":53}},"127":{"start":{"line":259,"column":4},"end":{"line":259,"column":49}},"128":{"start":{"line":260,"column":4},"end":{"line":260,"column":75}},"129":{"start":{"line":260,"column":26},"end":{"line":260,"column":75}},"130":{"start":{"line":261,"column":4},"end":{"line":261,"column":54}},"131":{"start":{"line":261,"column":19},"end":{"line":261,"column":54}},"132":{"start":{"line":262,"column":4},"end":{"line":267,"column":5}},"133":{"start":{"line":263,"column":23},"end":{"line":263,"column":43}},"134":{"start":{"line":264,"column":18},"end":{"line":264,"column":57}},"135":{"start":{"line":265,"column":19},"end":{"line":265,"column":61}},"136":{"start":{"line":266,"column":6},"end":{"line":266,"column":61}},"137":{"start":{"line":268,"column":21},"end":{"line":274,"column":5}},"138":{"start":{"line":275,"column":4},"end":{"line":278,"column":5}},"139":{"start":{"line":276,"column":18},"end":{"line":276,"column":57}},"140":{"start":{"line":276,"column":53},"end":{"line":276,"column":55}},"141":{"start":{"line":277,"column":6},"end":{"line":277,"column":64}},"142":{"start":{"line":279,"column":4},"end":{"line":279,"column":33}},"143":{"start":{"line":282,"column":26},"end":{"line":282,"column":83}}},"fnMap":{"0":{"name":"request","decl":{"start":{"line":5,"column":15},"end":{"line":5,"column":22}},"loc":{"start":{"line":5,"column":43},"end":{"line":32,"column":1}},"line":5},"1":{"name":"(anonymous_1)","decl":{"start":{"line":19,"column":46},"end":{"line":19,"column":47}},"loc":{"start":{"line":19,"column":53},"end":{"line":19,"column":55}},"line":19},"2":{"name":"(anonymous_2)","decl":{"start":{"line":22,"column":21},"end":{"line":22,"column":22}},"loc":{"start":{"line":22,"column":26},"end":{"line":22,"column":52}},"line":22},"3":{"name":"(anonymous_3)","decl":{"start":{"line":35,"column":19},"end":{"line":35,"column":20}},"loc":{"start":{"line":35,"column":25},"end":{"line":35,"column":49}},"line":35},"4":{"name":"(anonymous_4)","decl":{"start":{"line":37,"column":14},"end":{"line":37,"column":15}},"loc":{"start":{"line":38,"column":4},"end":{"line":38,"column":59}},"line":38},"5":{"name":"(anonymous_5)","decl":{"start":{"line":40,"column":13},"end":{"line":40,"column":14}},"loc":{"start":{"line":40,"column":21},"end":{"line":40,"column":46}},"line":40},"6":{"name":"(anonymous_6)","decl":{"start":{"line":42,"column":14},"end":{"line":42,"column":15}},"loc":{"start":{"line":42,"column":22},"end":{"line":42,"column":55}},"line":42},"7":{"name":"(anonymous_7)","decl":{"start":{"line":44,"column":15},"end":{"line":44,"column":16}},"loc":{"start":{"line":44,"column":23},"end":{"line":44,"column":57}},"line":44},"8":{"name":"(anonymous_8)","decl":{"start":{"line":46,"column":16},"end":{"line":46,"column":17}},"loc":{"start":{"line":46,"column":24},"end":{"line":46,"column":59}},"line":46},"9":{"name":"(anonymous_9)","decl":{"start":{"line":48,"column":12},"end":{"line":48,"column":13}},"loc":{"start":{"line":48,"column":20},"end":{"line":48,"column":51}},"line":48},"10":{"name":"(anonymous_10)","decl":{"start":{"line":50,"column":16},"end":{"line":50,"column":17}},"loc":{"start":{"line":51,"column":4},"end":{"line":54,"column":6}},"line":51},"11":{"name":"(anonymous_11)","decl":{"start":{"line":56,"column":17},"end":{"line":56,"column":18}},"loc":{"start":{"line":56,"column":55},"end":{"line":80,"column":3}},"line":56},"12":{"name":"(anonymous_12)","decl":{"start":{"line":76,"column":46},"end":{"line":76,"column":47}},"loc":{"start":{"line":76,"column":53},"end":{"line":76,"column":55}},"line":76},"13":{"name":"(anonymous_13)","decl":{"start":{"line":82,"column":18},"end":{"line":82,"column":19}},"loc":{"start":{"line":83,"column":4},"end":{"line":86,"column":6}},"line":83},"14":{"name":"(anonymous_14)","decl":{"start":{"line":88,"column":13},"end":{"line":88,"column":14}},"loc":{"start":{"line":88,"column":73},"end":{"line":108,"column":3}},"line":88},"15":{"name":"(anonymous_15)","decl":{"start":{"line":104,"column":46},"end":{"line":104,"column":47}},"loc":{"start":{"line":104,"column":53},"end":{"line":104,"column":55}},"line":104},"16":{"name":"(anonymous_16)","decl":{"start":{"line":110,"column":18},"end":{"line":110,"column":19}},"loc":{"start":{"line":111,"column":4},"end":{"line":114,"column":6}},"line":111},"17":{"name":"(anonymous_17)","decl":{"start":{"line":116,"column":16},"end":{"line":116,"column":17}},"loc":{"start":{"line":117,"column":4},"end":{"line":117,"column":73}},"line":117},"18":{"name":"(anonymous_18)","decl":{"start":{"line":119,"column":14},"end":{"line":119,"column":15}},"loc":{"start":{"line":119,"column":22},"end":{"line":119,"column":55}},"line":119},"19":{"name":"(anonymous_19)","decl":{"start":{"line":121,"column":18},"end":{"line":121,"column":19}},"loc":{"start":{"line":121,"column":48},"end":{"line":129,"column":3}},"line":121},"20":{"name":"(anonymous_20)","decl":{"start":{"line":131,"column":13},"end":{"line":131,"column":14}},"loc":{"start":{"line":131,"column":21},"end":{"line":131,"column":53}},"line":131},"21":{"name":"(anonymous_21)","decl":{"start":{"line":133,"column":15},"end":{"line":133,"column":16}},"loc":{"start":{"line":134,"column":4},"end":{"line":137,"column":6}},"line":134},"22":{"name":"(anonymous_22)","decl":{"start":{"line":139,"column":17},"end":{"line":139,"column":18}},"loc":{"start":{"line":140,"column":4},"end":{"line":140,"column":75}},"line":140},"23":{"name":"(anonymous_23)","decl":{"start":{"line":142,"column":22},"end":{"line":142,"column":23}},"loc":{"start":{"line":143,"column":4},"end":{"line":146,"column":6}},"line":143},"24":{"name":"(anonymous_24)","decl":{"start":{"line":148,"column":13},"end":{"line":148,"column":14}},"loc":{"start":{"line":148,"column":33},"end":{"line":152,"column":3}},"line":148},"25":{"name":"(anonymous_25)","decl":{"start":{"line":154,"column":16},"end":{"line":154,"column":17}},"loc":{"start":{"line":154,"column":36},"end":{"line":165,"column":3}},"line":154},"26":{"name":"(anonymous_26)","decl":{"start":{"line":161,"column":46},"end":{"line":161,"column":47}},"loc":{"start":{"line":161,"column":53},"end":{"line":161,"column":55}},"line":161},"27":{"name":"(anonymous_27)","decl":{"start":{"line":167,"column":16},"end":{"line":167,"column":17}},"loc":{"start":{"line":167,"column":22},"end":{"line":167,"column":43}},"line":167},"28":{"name":"(anonymous_28)","decl":{"start":{"line":169,"column":22},"end":{"line":169,"column":23}},"loc":{"start":{"line":169,"column":28},"end":{"line":169,"column":56}},"line":169},"29":{"name":"(anonymous_29)","decl":{"start":{"line":171,"column":20},"end":{"line":171,"column":21}},"loc":{"start":{"line":171,"column":26},"end":{"line":171,"column":52}},"line":171},"30":{"name":"(anonymous_30)","decl":{"start":{"line":173,"column":15},"end":{"line":173,"column":16}},"loc":{"start":{"line":173,"column":31},"end":{"line":190,"column":3}},"line":173},"31":{"name":"(anonymous_31)","decl":{"start":{"line":184,"column":46},"end":{"line":184,"column":47}},"loc":{"start":{"line":184,"column":53},"end":{"line":184,"column":55}},"line":184},"32":{"name":"(anonymous_32)","decl":{"start":{"line":186,"column":53},"end":{"line":186,"column":54}},"loc":{"start":{"line":186,"column":58},"end":{"line":186,"column":84}},"line":186},"33":{"name":"(anonymous_33)","decl":{"start":{"line":192,"column":19},"end":{"line":192,"column":20}},"loc":{"start":{"line":192,"column":50},"end":{"line":200,"column":3}},"line":192},"34":{"name":"(anonymous_34)","decl":{"start":{"line":202,"column":20},"end":{"line":202,"column":21}},"loc":{"start":{"line":202,"column":52},"end":{"line":210,"column":3}},"line":202},"35":{"name":"(anonymous_35)","decl":{"start":{"line":212,"column":20},"end":{"line":212,"column":21}},"loc":{"start":{"line":212,"column":35},"end":{"line":232,"column":3}},"line":212},"36":{"name":"(anonymous_36)","decl":{"start":{"line":228,"column":46},"end":{"line":228,"column":47}},"loc":{"start":{"line":228,"column":53},"end":{"line":228,"column":55}},"line":228},"37":{"name":"(anonymous_37)","decl":{"start":{"line":234,"column":21},"end":{"line":234,"column":22}},"loc":{"start":{"line":234,"column":47},"end":{"line":253,"column":3}},"line":234},"38":{"name":"(anonymous_38)","decl":{"start":{"line":245,"column":46},"end":{"line":245,"column":47}},"loc":{"start":{"line":245,"column":53},"end":{"line":245,"column":55}},"line":245},"39":{"name":"(anonymous_39)","decl":{"start":{"line":248,"column":21},"end":{"line":248,"column":22}},"loc":{"start":{"line":248,"column":26},"end":{"line":248,"column":52}},"line":248},"40":{"name":"(anonymous_40)","decl":{"start":{"line":255,"column":16},"end":{"line":255,"column":17}},"loc":{"start":{"line":255,"column":54},"end":{"line":280,"column":3}},"line":255},"41":{"name":"(anonymous_41)","decl":{"start":{"line":276,"column":46},"end":{"line":276,"column":47}},"loc":{"start":{"line":276,"column":53},"end":{"line":276,"column":55}},"line":276},"42":{"name":"(anonymous_42)","decl":{"start":{"line":282,"column":15},"end":{"line":282,"column":16}},"loc":{"start":{"line":282,"column":26},"end":{"line":282,"column":83}},"line":282}},"branchMap":{"0":{"loc":{"start":{"line":5,"column":29},"end":{"line":5,"column":41}},"type":"default-arg","locations":[{"start":{"line":5,"column":39},"end":{"line":5,"column":41}}],"line":5},"1":{"loc":{"start":{"line":14,"column":12},"end":{"line":14,"column":33}},"type":"binary-expr","locations":[{"start":{"line":14,"column":12},"end":{"line":14,"column":27}},{"start":{"line":14,"column":31},"end":{"line":14,"column":33}}],"line":14},"2":{"loc":{"start":{"line":18,"column":4},"end":{"line":27,"column":5}},"type":"if","locations":[{"start":{"line":18,"column":4},"end":{"line":27,"column":5}},{"start":{},"end":{}}],"line":18},"3":{"loc":{"start":{"line":21,"column":18},"end":{"line":25,"column":38}},"type":"cond-expr","locations":[{"start":{"line":22,"column":10},"end":{"line":22,"column":64}},{"start":{"line":23,"column":10},"end":{"line":25,"column":38}}],"line":21},"4":{"loc":{"start":{"line":22,"column":26},"end":{"line":22,"column":52}},"type":"binary-expr","locations":[{"start":{"line":22,"column":26},"end":{"line":22,"column":31}},{"start":{"line":22,"column":35},"end":{"line":22,"column":52}}],"line":22},"5":{"loc":{"start":{"line":23,"column":10},"end":{"line":25,"column":38}},"type":"cond-expr","locations":[{"start":{"line":24,"column":12},"end":{"line":24,"column":18}},{"start":{"line":25,"column":12},"end":{"line":25,"column":38}}],"line":23},"6":{"loc":{"start":{"line":30,"column":20},"end":{"line":30,"column":68}},"type":"binary-expr","locations":[{"start":{"line":30,"column":20},"end":{"line":30,"column":29}},{"start":{"line":30,"column":33},"end":{"line":30,"column":68}}],"line":30},"7":{"loc":{"start":{"line":37,"column":15},"end":{"line":37,"column":28}},"type":"default-arg","locations":[{"start":{"line":37,"column":24},"end":{"line":37,"column":28}}],"line":37},"8":{"loc":{"start":{"line":38,"column":23},"end":{"line":38,"column":56}},"type":"cond-expr","locations":[{"start":{"line":38,"column":32},"end":{"line":38,"column":51}},{"start":{"line":38,"column":54},"end":{"line":38,"column":56}}],"line":38},"9":{"loc":{"start":{"line":56,"column":40},"end":{"line":56,"column":50}},"type":"default-arg","locations":[{"start":{"line":56,"column":46},"end":{"line":56,"column":50}}],"line":56},"10":{"loc":{"start":{"line":60,"column":4},"end":{"line":60,"column":75}},"type":"if","locations":[{"start":{"line":60,"column":4},"end":{"line":60,"column":75}},{"start":{},"end":{}}],"line":60},"11":{"loc":{"start":{"line":61,"column":4},"end":{"line":61,"column":66}},"type":"if","locations":[{"start":{"line":61,"column":4},"end":{"line":61,"column":66}},{"start":{},"end":{}}],"line":61},"12":{"loc":{"start":{"line":62,"column":4},"end":{"line":67,"column":5}},"type":"if","locations":[{"start":{"line":62,"column":4},"end":{"line":67,"column":5}},{"start":{},"end":{}}],"line":62},"13":{"loc":{"start":{"line":65,"column":19},"end":{"line":65,"column":61}},"type":"cond-expr","locations":[{"start":{"line":65,"column":35},"end":{"line":65,"column":46}},{"start":{"line":65,"column":49},"end":{"line":65,"column":61}}],"line":65},"14":{"loc":{"start":{"line":75,"column":4},"end":{"line":78,"column":5}},"type":"if","locations":[{"start":{"line":75,"column":4},"end":{"line":78,"column":5}},{"start":{},"end":{}}],"line":75},"15":{"loc":{"start":{"line":77,"column":22},"end":{"line":77,"column":62}},"type":"binary-expr","locations":[{"start":{"line":77,"column":22},"end":{"line":77,"column":32}},{"start":{"line":77,"column":36},"end":{"line":77,"column":62}}],"line":77},"16":{"loc":{"start":{"line":88,"column":35},"end":{"line":88,"column":53}},"type":"default-arg","locations":[{"start":{"line":88,"column":49},"end":{"line":88,"column":53}}],"line":88},"17":{"loc":{"start":{"line":88,"column":55},"end":{"line":88,"column":68}},"type":"default-arg","locations":[{"start":{"line":88,"column":62},"end":{"line":88,"column":68}}],"line":88},"18":{"loc":{"start":{"line":92,"column":17},"end":{"line":92,"column":59}},"type":"cond-expr","locations":[{"start":{"line":92,"column":33},"end":{"line":92,"column":44}},{"start":{"line":92,"column":47},"end":{"line":92,"column":59}}],"line":92},"19":{"loc":{"start":{"line":97,"column":4},"end":{"line":97,"column":65}},"type":"if","locations":[{"start":{"line":97,"column":4},"end":{"line":97,"column":65}},{"start":{},"end":{}}],"line":97},"20":{"loc":{"start":{"line":103,"column":4},"end":{"line":106,"column":5}},"type":"if","locations":[{"start":{"line":103,"column":4},"end":{"line":106,"column":5}},{"start":{},"end":{}}],"line":103},"21":{"loc":{"start":{"line":105,"column":22},"end":{"line":105,"column":62}},"type":"binary-expr","locations":[{"start":{"line":105,"column":22},"end":{"line":105,"column":32}},{"start":{"line":105,"column":36},"end":{"line":105,"column":62}}],"line":105},"22":{"loc":{"start":{"line":127,"column":4},"end":{"line":127,"column":66}},"type":"if","locations":[{"start":{"line":127,"column":4},"end":{"line":127,"column":66}},{"start":{},"end":{}}],"line":127},"23":{"loc":{"start":{"line":150,"column":18},"end":{"line":150,"column":93}},"type":"binary-expr","locations":[{"start":{"line":150,"column":18},"end":{"line":150,"column":41}},{"start":{"line":150,"column":45},"end":{"line":150,"column":93}}],"line":150},"24":{"loc":{"start":{"line":160,"column":4},"end":{"line":163,"column":5}},"type":"if","locations":[{"start":{"line":160,"column":4},"end":{"line":163,"column":5}},{"start":{},"end":{}}],"line":160},"25":{"loc":{"start":{"line":162,"column":22},"end":{"line":162,"column":62}},"type":"binary-expr","locations":[{"start":{"line":162,"column":22},"end":{"line":162,"column":32}},{"start":{"line":162,"column":36},"end":{"line":162,"column":62}}],"line":162},"26":{"loc":{"start":{"line":183,"column":4},"end":{"line":188,"column":5}},"type":"if","locations":[{"start":{"line":183,"column":4},"end":{"line":188,"column":5}},{"start":{},"end":{}}],"line":183},"27":{"loc":{"start":{"line":186,"column":18},"end":{"line":186,"column":163}},"type":"cond-expr","locations":[{"start":{"line":186,"column":42},"end":{"line":186,"column":96}},{"start":{"line":186,"column":99},"end":{"line":186,"column":163}}],"line":186},"28":{"loc":{"start":{"line":186,"column":58},"end":{"line":186,"column":84}},"type":"binary-expr","locations":[{"start":{"line":186,"column":58},"end":{"line":186,"column":63}},{"start":{"line":186,"column":67},"end":{"line":186,"column":84}}],"line":186},"29":{"loc":{"start":{"line":186,"column":99},"end":{"line":186,"column":163}},"type":"cond-expr","locations":[{"start":{"line":186,"column":128},"end":{"line":186,"column":134}},{"start":{"line":186,"column":137},"end":{"line":186,"column":163}}],"line":186},"30":{"loc":{"start":{"line":198,"column":4},"end":{"line":198,"column":66}},"type":"if","locations":[{"start":{"line":198,"column":4},"end":{"line":198,"column":66}},{"start":{},"end":{}}],"line":198},"31":{"loc":{"start":{"line":208,"column":4},"end":{"line":208,"column":66}},"type":"if","locations":[{"start":{"line":208,"column":4},"end":{"line":208,"column":66}},{"start":{},"end":{}}],"line":208},"32":{"loc":{"start":{"line":214,"column":21},"end":{"line":214,"column":69}},"type":"binary-expr","locations":[{"start":{"line":214,"column":21},"end":{"line":214,"column":41}},{"start":{"line":214,"column":45},"end":{"line":214,"column":69}}],"line":214},"33":{"loc":{"start":{"line":215,"column":16},"end":{"line":215,"column":88}},"type":"cond-expr","locations":[{"start":{"line":215,"column":41},"end":{"line":215,"column":80}},{"start":{"line":215,"column":83},"end":{"line":215,"column":88}}],"line":215},"34":{"loc":{"start":{"line":216,"column":17},"end":{"line":216,"column":59}},"type":"cond-expr","locations":[{"start":{"line":216,"column":33},"end":{"line":216,"column":44}},{"start":{"line":216,"column":47},"end":{"line":216,"column":59}}],"line":216},"35":{"loc":{"start":{"line":217,"column":21},"end":{"line":217,"column":74}},"type":"cond-expr","locations":[{"start":{"line":217,"column":46},"end":{"line":217,"column":54}},{"start":{"line":217,"column":57},"end":{"line":217,"column":74}}],"line":217},"36":{"loc":{"start":{"line":227,"column":4},"end":{"line":230,"column":5}},"type":"if","locations":[{"start":{"line":227,"column":4},"end":{"line":230,"column":5}},{"start":{},"end":{}}],"line":227},"37":{"loc":{"start":{"line":229,"column":22},"end":{"line":229,"column":76}},"type":"binary-expr","locations":[{"start":{"line":229,"column":22},"end":{"line":229,"column":32}},{"start":{"line":229,"column":36},"end":{"line":229,"column":76}}],"line":229},"38":{"loc":{"start":{"line":244,"column":4},"end":{"line":251,"column":5}},"type":"if","locations":[{"start":{"line":244,"column":4},"end":{"line":251,"column":5}},{"start":{},"end":{}}],"line":244},"39":{"loc":{"start":{"line":247,"column":18},"end":{"line":249,"column":74}},"type":"cond-expr","locations":[{"start":{"line":248,"column":10},"end":{"line":248,"column":64}},{"start":{"line":249,"column":10},"end":{"line":249,"column":74}}],"line":247},"40":{"loc":{"start":{"line":248,"column":26},"end":{"line":248,"column":52}},"type":"binary-expr","locations":[{"start":{"line":248,"column":26},"end":{"line":248,"column":31}},{"start":{"line":248,"column":35},"end":{"line":248,"column":52}}],"line":248},"41":{"loc":{"start":{"line":249,"column":10},"end":{"line":249,"column":74}},"type":"cond-expr","locations":[{"start":{"line":249,"column":39},"end":{"line":249,"column":45}},{"start":{"line":249,"column":48},"end":{"line":249,"column":74}}],"line":249},"42":{"loc":{"start":{"line":255,"column":39},"end":{"line":255,"column":49}},"type":"default-arg","locations":[{"start":{"line":255,"column":45},"end":{"line":255,"column":49}}],"line":255},"43":{"loc":{"start":{"line":260,"column":4},"end":{"line":260,"column":75}},"type":"if","locations":[{"start":{"line":260,"column":4},"end":{"line":260,"column":75}},{"start":{},"end":{}}],"line":260},"44":{"loc":{"start":{"line":261,"column":4},"end":{"line":261,"column":54}},"type":"if","locations":[{"start":{"line":261,"column":4},"end":{"line":261,"column":54}},{"start":{},"end":{}}],"line":261},"45":{"loc":{"start":{"line":262,"column":4},"end":{"line":267,"column":5}},"type":"if","locations":[{"start":{"line":262,"column":4},"end":{"line":267,"column":5}},{"start":{},"end":{}}],"line":262},"46":{"loc":{"start":{"line":265,"column":19},"end":{"line":265,"column":61}},"type":"cond-expr","locations":[{"start":{"line":265,"column":35},"end":{"line":265,"column":46}},{"start":{"line":265,"column":49},"end":{"line":265,"column":61}}],"line":265},"47":{"loc":{"start":{"line":275,"column":4},"end":{"line":278,"column":5}},"type":"if","locations":[{"start":{"line":275,"column":4},"end":{"line":278,"column":5}},{"start":{},"end":{}}],"line":275},"48":{"loc":{"start":{"line":277,"column":22},"end":{"line":277,"column":62}},"type":"binary-expr","locations":[{"start":{"line":277,"column":22},"end":{"line":277,"column":32}},{"start":{"line":277,"column":36},"end":{"line":277,"column":62}}],"line":277},"49":{"loc":{"start":{"line":282,"column":50},"end":{"line":282,"column":80}},"type":"cond-expr","locations":[{"start":{"line":282,"column":58},"end":{"line":282,"column":75}},{"start":{"line":282,"column":78},"end":{"line":282,"column":80}}],"line":282}},"s":{"0":0,"1":0,"2":0,"3":0,"4":0,"5":0,"6":0,"7":0,"8":0,"9":0,"10":0,"11":0,"12":0,"13":0,"14":0,"15":0,"16":0,"17":0,"18":0,"19":0,"20":0,"21":0,"22":0,"23":0,"24":0,"25":0,"26":0,"27":0,"28":0,"29":0,"30":0,"31":0,"32":0,"33":0,"34":0,"35":0,"36":0,"37":0,"38":0,"39":0,"40":0,"41":0,"42":0,"43":0,"44":0,"45":0,"46":0,"47":0,"48":0,"49":0,"50":0,"51":0,"52":0,"53":0,"54":0,"55":0,"56":0,"57":0,"58":0,"59":0,"60":0,"61":0,"62":0,"63":0,"64":0,"65":0,"66":0,"67":0,"68":0,"69":0,"70":0,"71":0,"72":0,"73":0,"74":0,"75":0,"76":0,"77":0,"78":0,"79":0,"80":0,"81":0,"82":0,"83":0,"84":0,"85":0,"86":0,"87":0,"88":0,"89":0,"90":0,"91":0,"92":0,"93":0,"94":0,"95":0,"96":0,"97":0,"98":0,"99":0,"100":0,"101":0,"102":0,"103":0,"104":0,"105":0,"106":0,"107":0,"108":0,"109":0,"110":0,"111":0,"112":0,"113":0,"114":0,"115":0,"116":0,"117":0,"118":0,"119":0,"120":0,"121":0,"122":0,"123":0,"124":0,"125":0,"126":0,"127":0,"128":0,"129":0,"130":0,"131":0,"132":0,"133":0,"134":0,"135":0,"136":0,"137":0,"138":0,"139":0,"140":0,"141":0,"142":0,"143":0},"f":{"0":0,"1":0,"2":0,"3":0,"4":0,"5":0,"6":0,"7":0,"8":0,"9":0,"10":0,"11":0,"12":0,"13":0,"14":0,"15":0,"16":0,"17":0,"18":0,"19":0,"20":0,"21":0,"22":0,"23":0,"24":0,"25":0,"26":0,"27":0,"28":0,"29":0,"30":0,"31":0,"32":0,"33":0,"34":0,"35":0,"36":0,"37":0,"38":0,"39":0,"40":0,"41":0,"42":0},"b":{"0":[0],"1":[0,0],"2":[0,0],"3":[0,0],"4":[0,0],"5":[0,0],"6":[0,0],"7":[0],"8":[0,0],"9":[0],"10":[0,0],"11":[0,0],"12":[0,0],"13":[0,0],"14":[0,0],"15":[0,0],"16":[0],"17":[0],"18":[0,0],"19":[0,0],"20":[0,0],"21":[0,0],"22":[0,0],"23":[0,0],"24":[0,0],"25":[0,0],"26":[0,0],"27":[0,0],"28":[0,0],"29":[0,0],"30":[0,0],"31":[0,0],"32":[0,0],"33":[0,0],"34":[0,0],"35":[0,0],"36":[0,0],"37":[0,0],"38":[0,0],"39":[0,0],"40":[0,0],"41":[0,0],"42":[0],"43":[0,0],"44":[0,0],"45":[0,0],"46":[0,0],"47":[0,0],"48":[0,0],"49":[0,0]}}
,"C:\\taller_api\\mobile_app\\src\\config.js": {"path":"C:\\taller_api\\mobile_app\\src\\config.js","statementMap":{"0":{"start":{"line":3,"column":25},"end":{"line":3,"column":38}},"1":{"start":{"line":5,"column":16},"end":{"line":5,"column":36}},"2":{"start":{"line":6,"column":22},"end":{"line":6,"column":41}},"3":{"start":{"line":7,"column":21},"end":{"line":7,"column":45}},"4":{"start":{"line":10,"column":2},"end":{"line":15,"column":3}},"5":{"start":{"line":11,"column":15},"end":{"line":11,"column":56}},"6":{"start":{"line":12,"column":4},"end":{"line":12,"column":20}},"7":{"start":{"line":14,"column":4},"end":{"line":14,"column":14}},"8":{"start":{"line":19,"column":2},"end":{"line":24,"column":3}},"9":{"start":{"line":20,"column":16},"end":{"line":20,"column":56}},"10":{"start":{"line":21,"column":4},"end":{"line":21,"column":35}},"11":{"start":{"line":23,"column":4},"end":{"line":23,"column":28}},"12":{"start":{"line":28,"column":2},"end":{"line":28,"column":48}},"13":{"start":{"line":29,"column":16},"end":{"line":29,"column":39}},"14":{"start":{"line":30,"column":2},"end":{"line":32,"column":3}},"15":{"start":{"line":31,"column":4},"end":{"line":31,"column":84}},"16":{"start":{"line":36,"column":2},"end":{"line":36,"column":53}},"17":{"start":{"line":40,"column":2},"end":{"line":45,"column":3}},"18":{"start":{"line":41,"column":16},"end":{"line":41,"column":51}},"19":{"start":{"line":42,"column":4},"end":{"line":42,"column":38}},"20":{"start":{"line":44,"column":4},"end":{"line":44,"column":14}},"21":{"start":{"line":49,"column":16},"end":{"line":49,"column":39}},"22":{"start":{"line":50,"column":16},"end":{"line":50,"column":43}},"23":{"start":{"line":50,"column":34},"end":{"line":50,"column":42}},"24":{"start":{"line":51,"column":2},"end":{"line":51,"column":61}},"25":{"start":{"line":52,"column":17},"end":{"line":52,"column":36}},"26":{"start":{"line":53,"column":2},"end":{"line":55,"column":3}},"27":{"start":{"line":54,"column":4},"end":{"line":54,"column":80}},"28":{"start":{"line":59,"column":12},"end":{"line":59,"column":27}},"29":{"start":{"line":60,"column":21},"end":{"line":60,"column":42}},"30":{"start":{"line":61,"column":16},"end":{"line":61,"column":55}},"31":{"start":{"line":61,"column":33},"end":{"line":61,"column":51}},"32":{"start":{"line":62,"column":2},"end":{"line":72,"column":3}},"33":{"start":{"line":63,"column":16},"end":{"line":66,"column":6}},"34":{"start":{"line":67,"column":4},"end":{"line":67,"column":24}},"35":{"start":{"line":68,"column":4},"end":{"line":68,"column":30}},"36":{"start":{"line":70,"column":4},"end":{"line":70,"column":24}},"37":{"start":{"line":71,"column":4},"end":{"line":71,"column":16}},"38":{"start":{"line":81,"column":14},"end":{"line":81,"column":50}},"39":{"start":{"line":84,"column":16},"end":{"line":84,"column":39}},"40":{"start":{"line":85,"column":2},"end":{"line":93,"column":3}},"41":{"start":{"line":86,"column":23},"end":{"line":86,"column":91}},"42":{"start":{"line":86,"column":64},"end":{"line":86,"column":89}},"43":{"start":{"line":87,"column":4},"end":{"line":92,"column":5}},"44":{"start":{"line":87,"column":17},"end":{"line":87,"column":18}},"45":{"start":{"line":88,"column":6},"end":{"line":91,"column":7}},"46":{"start":{"line":89,"column":8},"end":{"line":89,"column":60}},"47":{"start":{"line":90,"column":8},"end":{"line":90,"column":24}},"48":{"start":{"line":96,"column":19},"end":{"line":96,"column":93}},"49":{"start":{"line":97,"column":21},"end":{"line":97,"column":23}},"50":{"start":{"line":98,"column":2},"end":{"line":102,"column":3}},"51":{"start":{"line":99,"column":4},"end":{"line":101,"column":5}},"52":{"start":{"line":99,"column":17},"end":{"line":99,"column":18}},"53":{"start":{"line":100,"column":6},"end":{"line":100,"column":41}},"54":{"start":{"line":104,"column":15},"end":{"line":104,"column":17}},"55":{"start":{"line":105,"column":2},"end":{"line":116,"column":3}},"56":{"start":{"line":105,"column":15},"end":{"line":105,"column":16}},"57":{"start":{"line":106,"column":17},"end":{"line":106,"column":46}},"58":{"start":{"line":107,"column":16},"end":{"line":107,"column":82}},"59":{"start":{"line":107,"column":56},"end":{"line":107,"column":80}},"60":{"start":{"line":108,"column":4},"end":{"line":115,"column":5}},"61":{"start":{"line":108,"column":17},"end":{"line":108,"column":18}},"62":{"start":{"line":109,"column":6},"end":{"line":114,"column":7}},"63":{"start":{"line":110,"column":29},"end":{"line":110,"column":36}},"64":{"start":{"line":111,"column":8},"end":{"line":111,"column":64}},"65":{"start":{"line":112,"column":8},"end":{"line":112,"column":41}},"66":{"start":{"line":113,"column":8},"end":{"line":113,"column":28}},"67":{"start":{"line":118,"column":2},"end":{"line":118,"column":14}},"68":{"start":{"line":122,"column":13},"end":{"line":122,"column":32}},"69":{"start":{"line":123,"column":2},"end":{"line":123,"column":40}},"70":{"start":{"line":127,"column":13},"end":{"line":127,"column":32}},"71":{"start":{"line":128,"column":2},"end":{"line":128,"column":29}},"72":{"start":{"line":132,"column":13},"end":{"line":132,"column":32}},"73":{"start":{"line":133,"column":2},"end":{"line":133,"column":29}}},"fnMap":{"0":{"name":"getServerIp","decl":{"start":{"line":9,"column":22},"end":{"line":9,"column":33}},"loc":{"start":{"line":9,"column":36},"end":{"line":16,"column":1}},"line":9},"1":{"name":"getAdminPassword","decl":{"start":{"line":18,"column":22},"end":{"line":18,"column":38}},"loc":{"start":{"line":18,"column":41},"end":{"line":25,"column":1}},"line":18},"2":{"name":"saveServerIp","decl":{"start":{"line":27,"column":22},"end":{"line":27,"column":34}},"loc":{"start":{"line":27,"column":39},"end":{"line":33,"column":1}},"line":27},"3":{"name":"saveAdminPassword","decl":{"start":{"line":35,"column":22},"end":{"line":35,"column":39}},"loc":{"start":{"line":35,"column":50},"end":{"line":37,"column":1}},"line":35},"4":{"name":"getIpsGuardadas","decl":{"start":{"line":39,"column":22},"end":{"line":39,"column":37}},"loc":{"start":{"line":39,"column":40},"end":{"line":46,"column":1}},"line":39},"5":{"name":"eliminarIp","decl":{"start":{"line":48,"column":22},"end":{"line":48,"column":32}},"loc":{"start":{"line":48,"column":37},"end":{"line":56,"column":1}},"line":48},"6":{"name":"(anonymous_6)","decl":{"start":{"line":50,"column":29},"end":{"line":50,"column":30}},"loc":{"start":{"line":50,"column":34},"end":{"line":50,"column":42}},"line":50},"7":{"name":"probarHost","decl":{"start":{"line":58,"column":15},"end":{"line":58,"column":25}},"loc":{"start":{"line":58,"column":44},"end":{"line":73,"column":1}},"line":58},"8":{"name":"(anonymous_8)","decl":{"start":{"line":61,"column":27},"end":{"line":61,"column":28}},"loc":{"start":{"line":61,"column":33},"end":{"line":61,"column":51}},"line":61},"9":{"name":"detectarIpActiva","decl":{"start":{"line":80,"column":22},"end":{"line":80,"column":38}},"loc":{"start":{"line":80,"column":49},"end":{"line":119,"column":1}},"line":80},"10":{"name":"(anonymous_10)","decl":{"start":{"line":86,"column":58},"end":{"line":86,"column":59}},"loc":{"start":{"line":86,"column":64},"end":{"line":86,"column":89}},"line":86},"11":{"name":"(anonymous_11)","decl":{"start":{"line":107,"column":50},"end":{"line":107,"column":51}},"loc":{"start":{"line":107,"column":56},"end":{"line":107,"column":80}},"line":107},"12":{"name":"getApiBaseUrl","decl":{"start":{"line":121,"column":22},"end":{"line":121,"column":35}},"loc":{"start":{"line":121,"column":38},"end":{"line":124,"column":1}},"line":121},"13":{"name":"getAuthBaseUrl","decl":{"start":{"line":126,"column":22},"end":{"line":126,"column":36}},"loc":{"start":{"line":126,"column":39},"end":{"line":129,"column":1}},"line":126},"14":{"name":"getPdfBaseUrl","decl":{"start":{"line":131,"column":22},"end":{"line":131,"column":35}},"loc":{"start":{"line":131,"column":38},"end":{"line":134,"column":1}},"line":131}},"branchMap":{"0":{"loc":{"start":{"line":12,"column":11},"end":{"line":12,"column":19}},"type":"binary-expr","locations":[{"start":{"line":12,"column":11},"end":{"line":12,"column":13}},{"start":{"line":12,"column":17},"end":{"line":12,"column":19}}],"line":12},"1":{"loc":{"start":{"line":21,"column":11},"end":{"line":21,"column":34}},"type":"binary-expr","locations":[{"start":{"line":21,"column":11},"end":{"line":21,"column":14}},{"start":{"line":21,"column":18},"end":{"line":21,"column":34}}],"line":21},"2":{"loc":{"start":{"line":30,"column":2},"end":{"line":32,"column":3}},"type":"if","locations":[{"start":{"line":30,"column":2},"end":{"line":32,"column":3}},{"start":{},"end":{}}],"line":30},"3":{"loc":{"start":{"line":42,"column":11},"end":{"line":42,"column":37}},"type":"cond-expr","locations":[{"start":{"line":42,"column":17},"end":{"line":42,"column":32}},{"start":{"line":42,"column":35},"end":{"line":42,"column":37}}],"line":42},"4":{"loc":{"start":{"line":53,"column":2},"end":{"line":55,"column":3}},"type":"if","locations":[{"start":{"line":53,"column":2},"end":{"line":55,"column":3}},{"start":{},"end":{}}],"line":53},"5":{"loc":{"start":{"line":54,"column":46},"end":{"line":54,"column":78}},"type":"cond-expr","locations":[{"start":{"line":54,"column":65},"end":{"line":54,"column":73}},{"start":{"line":54,"column":76},"end":{"line":54,"column":78}}],"line":54},"6":{"loc":{"start":{"line":59,"column":12},"end":{"line":59,"column":27}},"type":"binary-expr","locations":[{"start":{"line":59,"column":12},"end":{"line":59,"column":19}},{"start":{"line":59,"column":23},"end":{"line":59,"column":27}}],"line":59},"7":{"loc":{"start":{"line":68,"column":11},"end":{"line":68,"column":29}},"type":"cond-expr","locations":[{"start":{"line":68,"column":20},"end":{"line":68,"column":22}},{"start":{"line":68,"column":25},"end":{"line":68,"column":29}}],"line":68},"8":{"loc":{"start":{"line":81,"column":14},"end":{"line":81,"column":50}},"type":"binary-expr","locations":[{"start":{"line":81,"column":14},"end":{"line":81,"column":22}},{"start":{"line":81,"column":26},"end":{"line":81,"column":50}}],"line":81},"9":{"loc":{"start":{"line":85,"column":2},"end":{"line":93,"column":3}},"type":"if","locations":[{"start":{"line":85,"column":2},"end":{"line":93,"column":3}},{"start":{},"end":{}}],"line":85},"10":{"loc":{"start":{"line":88,"column":6},"end":{"line":91,"column":7}},"type":"if","locations":[{"start":{"line":88,"column":6},"end":{"line":91,"column":7}},{"start":{},"end":{}}],"line":88},"11":{"loc":{"start":{"line":88,"column":10},"end":{"line":88,"column":69}},"type":"binary-expr","locations":[{"start":{"line":88,"column":10},"end":{"line":88,"column":46}},{"start":{"line":88,"column":50},"end":{"line":88,"column":69}}],"line":88},"12":{"loc":{"start":{"line":109,"column":6},"end":{"line":114,"column":7}},"type":"if","locations":[{"start":{"line":109,"column":6},"end":{"line":114,"column":7}},{"start":{},"end":{}}],"line":109},"13":{"loc":{"start":{"line":109,"column":10},"end":{"line":109,"column":55}},"type":"binary-expr","locations":[{"start":{"line":109,"column":10},"end":{"line":109,"column":39}},{"start":{"line":109,"column":43},"end":{"line":109,"column":55}}],"line":109}},"s":{"0":0,"1":0,"2":0,"3":0,"4":0,"5":0,"6":0,"7":0,"8":0,"9":0,"10":0,"11":0,"12":0,"13":0,"14":0,"15":0,"16":0,"17":0,"18":0,"19":0,"20":0,"21":0,"22":0,"23":0,"24":0,"25":0,"26":0,"27":0,"28":0,"29":0,"30":0,"31":0,"32":0,"33":0,"34":0,"35":0,"36":0,"37":0,"38":0,"39":0,"40":0,"41":0,"42":0,"43":0,"44":0,"45":0,"46":0,"47":0,"48":0,"49":0,"50":0,"51":0,"52":0,"53":0,"54":0,"55":0,"56":0,"57":0,"58":0,"59":0,"60":0,"61":0,"62":0,"63":0,"64":0,"65":0,"66":0,"67":0,"68":0,"69":0,"70":0,"71":0,"72":0,"73":0},"f":{"0":0,"1":0,"2":0,"3":0,"4":0,"5":0,"6":0,"7":0,"8":0,"9":0,"10":0,"11":0,"12":0,"13":0,"14":0},"b":{"0":[0,0],"1":[0,0],"2":[0,0],"3":[0,0],"4":[0,0],"5":[0,0],"6":[0,0],"7":[0,0],"8":[0,0],"9":[0,0],"10":[0,0],"11":[0,0],"12":[0,0],"13":[0,0]}}
,"C:\\taller_api\\mobile_app\\src\\theme.js": {"path":"C:\\taller_api\\mobile_app\\src\\theme.js","statementMap":{"0":{"start":{"line":1,"column":22},"end":{"line":23,"column":1}},"1":{"start":{"line":25,"column":28},"end":{"line":30,"column":1}}},"fnMap":{},"branchMap":{},"s":{"0":0,"1":0},"f":{},"b":{}}
,"C:\\taller_api\\mobile_app\\src\\components\\Toast.js": {"path":"C:\\taller_api\\mobile_app\\src\\components\\Toast.js","statementMap":{"0":{"start":{"line":4,"column":21},"end":{"line":4,"column":40}},"1":{"start":{"line":6,"column":14},"end":{"line":6,"column":68}},"2":{"start":{"line":7,"column":15},"end":{"line":12,"column":1}},"3":{"start":{"line":15,"column":30},"end":{"line":15,"column":42}},"4":{"start":{"line":16,"column":16},"end":{"line":16,"column":25}},"5":{"start":{"line":18,"column":15},"end":{"line":26,"column":8}},"6":{"start":{"line":19,"column":14},"end":{"line":19,"column":28}},"7":{"start":{"line":20,"column":14},"end":{"line":20,"column":30}},"8":{"start":{"line":21,"column":15},"end":{"line":21,"column":30}},"9":{"start":{"line":22,"column":4},"end":{"line":22,"column":91}},"10":{"start":{"line":22,"column":31},"end":{"line":22,"column":87}},"11":{"start":{"line":23,"column":4},"end":{"line":25,"column":10}},"12":{"start":{"line":24,"column":6},"end":{"line":24,"column":93}},"13":{"start":{"line":24,"column":33},"end":{"line":24,"column":89}},"14":{"start":{"line":24,"column":66},"end":{"line":24,"column":85}},"15":{"start":{"line":28,"column":18},"end":{"line":30,"column":8}},"16":{"start":{"line":29,"column":4},"end":{"line":29,"column":91}},"17":{"start":{"line":29,"column":31},"end":{"line":29,"column":87}},"18":{"start":{"line":29,"column":64},"end":{"line":29,"column":83}},"19":{"start":{"line":32,"column":2},"end":{"line":43,"column":4}},"20":{"start":{"line":40,"column":8},"end":{"line":40,"column":113}},"21":{"start":{"line":40,"column":93},"end":{"line":40,"column":107}},"22":{"start":{"line":47,"column":15},"end":{"line":47,"column":52}},"23":{"start":{"line":48,"column":12},"end":{"line":48,"column":45}},"24":{"start":{"line":50,"column":2},"end":{"line":52,"column":9}},"25":{"start":{"line":51,"column":4},"end":{"line":51,"column":100}},"26":{"start":{"line":54,"column":2},"end":{"line":76,"column":4}},"27":{"start":{"line":80,"column":12},"end":{"line":80,"column":36}},"28":{"start":{"line":81,"column":2},"end":{"line":81,"column":76}},"29":{"start":{"line":81,"column":12},"end":{"line":81,"column":76}},"30":{"start":{"line":82,"column":2},"end":{"line":82,"column":13}},"31":{"start":{"line":85,"column":13},"end":{"line":104,"column":2}}},"fnMap":{"0":{"name":"ToastProvider","decl":{"start":{"line":14,"column":16},"end":{"line":14,"column":29}},"loc":{"start":{"line":14,"column":44},"end":{"line":44,"column":1}},"line":14},"1":{"name":"(anonymous_1)","decl":{"start":{"line":18,"column":27},"end":{"line":18,"column":28}},"loc":{"start":{"line":18,"column":56},"end":{"line":26,"column":3}},"line":18},"2":{"name":"(anonymous_2)","decl":{"start":{"line":22,"column":14},"end":{"line":22,"column":15}},"loc":{"start":{"line":22,"column":29},"end":{"line":22,"column":89}},"line":22},"3":{"name":"(anonymous_3)","decl":{"start":{"line":23,"column":15},"end":{"line":23,"column":16}},"loc":{"start":{"line":23,"column":26},"end":{"line":25,"column":5}},"line":23},"4":{"name":"(anonymous_4)","decl":{"start":{"line":24,"column":16},"end":{"line":24,"column":17}},"loc":{"start":{"line":24,"column":31},"end":{"line":24,"column":91}},"line":24},"5":{"name":"(anonymous_5)","decl":{"start":{"line":24,"column":52},"end":{"line":24,"column":53}},"loc":{"start":{"line":24,"column":64},"end":{"line":24,"column":87}},"line":24},"6":{"name":"(anonymous_6)","decl":{"start":{"line":28,"column":30},"end":{"line":28,"column":31}},"loc":{"start":{"line":28,"column":43},"end":{"line":30,"column":3}},"line":28},"7":{"name":"(anonymous_7)","decl":{"start":{"line":29,"column":14},"end":{"line":29,"column":15}},"loc":{"start":{"line":29,"column":29},"end":{"line":29,"column":89}},"line":29},"8":{"name":"(anonymous_8)","decl":{"start":{"line":29,"column":50},"end":{"line":29,"column":51}},"loc":{"start":{"line":29,"column":62},"end":{"line":29,"column":85}},"line":29},"9":{"name":"(anonymous_9)","decl":{"start":{"line":39,"column":17},"end":{"line":39,"column":18}},"loc":{"start":{"line":39,"column":29},"end":{"line":41,"column":7}},"line":39},"10":{"name":"(anonymous_10)","decl":{"start":{"line":40,"column":80},"end":{"line":40,"column":81}},"loc":{"start":{"line":40,"column":91},"end":{"line":40,"column":109}},"line":40},"11":{"name":"ToastItem","decl":{"start":{"line":46,"column":9},"end":{"line":46,"column":18}},"loc":{"start":{"line":46,"column":41},"end":{"line":77,"column":1}},"line":46},"12":{"name":"(anonymous_12)","decl":{"start":{"line":50,"column":18},"end":{"line":50,"column":19}},"loc":{"start":{"line":50,"column":29},"end":{"line":52,"column":3}},"line":50},"13":{"name":"useToast","decl":{"start":{"line":79,"column":16},"end":{"line":79,"column":24}},"loc":{"start":{"line":79,"column":27},"end":{"line":83,"column":1}},"line":79}},"branchMap":{"0":{"loc":{"start":{"line":19,"column":14},"end":{"line":19,"column":28}},"type":"binary-expr","locations":[{"start":{"line":19,"column":14},"end":{"line":19,"column":18}},{"start":{"line":19,"column":22},"end":{"line":19,"column":28}}],"line":19},"1":{"loc":{"start":{"line":20,"column":14},"end":{"line":20,"column":30}},"type":"binary-expr","locations":[{"start":{"line":20,"column":14},"end":{"line":20,"column":22}},{"start":{"line":20,"column":26},"end":{"line":20,"column":30}}],"line":20},"2":{"loc":{"start":{"line":48,"column":12},"end":{"line":48,"column":45}},"type":"binary-expr","locations":[{"start":{"line":48,"column":12},"end":{"line":48,"column":30}},{"start":{"line":48,"column":34},"end":{"line":48,"column":45}}],"line":48},"3":{"loc":{"start":{"line":81,"column":2},"end":{"line":81,"column":76}},"type":"if","locations":[{"start":{"line":81,"column":2},"end":{"line":81,"column":76}},{"start":{},"end":{}}],"line":81}},"s":{"0":0,"1":0,"2":0,"3":0,"4":0,"5":0,"6":0,"7":0,"8":0,"9":0,"10":0,"11":0,"12":0,"13":0,"14":0,"15":0,"16":0,"17":0,"18":0,"19":0,"20":0,"21":0,"22":0,"23":0,"24":0,"25":0,"26":0,"27":0,"28":0,"29":0,"30":0,"31":0},"f":{"0":0,"1":0,"2":0,"3":0,"4":0,"5":0,"6":0,"7":0,"8":0,"9":0,"10":0,"11":0,"12":0,"13":0},"b":{"0":[0,0],"1":[0,0],"2":[0,0],"3":[0,0]}}
,"C:\\taller_api\\mobile_app\\src\\hooks\\useOffline.js": {"path":"C:\\taller_api\\mobile_app\\src\\hooks\\useOffline.js","statementMap":{"0":{"start":{"line":9,"column":28},"end":{"line":13,"column":4}},"1":{"start":{"line":15,"column":2},"end":{"line":25,"column":9}},"2":{"start":{"line":17,"column":4},"end":{"line":17,"column":40}},"3":{"start":{"line":20,"column":24},"end":{"line":22,"column":6}},"4":{"start":{"line":21,"column":6},"end":{"line":21,"column":25}},"5":{"start":{"line":24,"column":4},"end":{"line":24,"column":23}},"6":{"start":{"line":27,"column":2},"end":{"line":27,"column":15}}},"fnMap":{"0":{"name":"useOffline","decl":{"start":{"line":8,"column":16},"end":{"line":8,"column":26}},"loc":{"start":{"line":8,"column":29},"end":{"line":28,"column":1}},"line":8},"1":{"name":"(anonymous_1)","decl":{"start":{"line":15,"column":12},"end":{"line":15,"column":13}},"loc":{"start":{"line":15,"column":18},"end":{"line":25,"column":3}},"line":15},"2":{"name":"(anonymous_2)","decl":{"start":{"line":20,"column":51},"end":{"line":20,"column":52}},"loc":{"start":{"line":20,"column":65},"end":{"line":22,"column":5}},"line":20}},"branchMap":{},"s":{"0":0,"1":0,"2":0,"3":0,"4":0,"5":0,"6":0},"f":{"0":0,"1":0,"2":0},"b":{}}
,"C:\\taller_api\\mobile_app\\src\\screens\\AddCompraScreen.js": {"path":"C:\\taller_api\\mobile_app\\src\\screens\\AddCompraScreen.js","statementMap":{"0":{"start":{"line":14,"column":23},"end":{"line":14,"column":35}},"1":{"start":{"line":15,"column":16},"end":{"line":15,"column":26}},"2":{"start":{"line":16,"column":40},"end":{"line":16,"column":52}},"3":{"start":{"line":17,"column":28},"end":{"line":17,"column":40}},"4":{"start":{"line":18,"column":40},"end":{"line":18,"column":52}},"5":{"start":{"line":19,"column":26},"end":{"line":19,"column":38}},"6":{"start":{"line":20,"column":24},"end":{"line":20,"column":38}},"7":{"start":{"line":21,"column":32},"end":{"line":21,"column":47}},"8":{"start":{"line":22,"column":36},"end":{"line":22,"column":48}},"9":{"start":{"line":24,"column":2},"end":{"line":26,"column":9}},"10":{"start":{"line":25,"column":4},"end":{"line":25,"column":74}},"11":{"start":{"line":25,"column":38},"end":{"line":25,"column":56}},"12":{"start":{"line":28,"column":29},"end":{"line":39,"column":3}},"13":{"start":{"line":29,"column":23},"end":{"line":29,"column":78}},"14":{"start":{"line":30,"column":4},"end":{"line":33,"column":5}},"15":{"start":{"line":31,"column":6},"end":{"line":31,"column":58}},"16":{"start":{"line":32,"column":6},"end":{"line":32,"column":13}},"17":{"start":{"line":34,"column":19},"end":{"line":37,"column":6}},"18":{"start":{"line":38,"column":4},"end":{"line":38,"column":55}},"19":{"start":{"line":38,"column":26},"end":{"line":38,"column":55}},"20":{"start":{"line":41,"column":20},"end":{"line":49,"column":3}},"21":{"start":{"line":42,"column":23},"end":{"line":42,"column":72}},"22":{"start":{"line":43,"column":4},"end":{"line":46,"column":5}},"23":{"start":{"line":44,"column":6},"end":{"line":44,"column":57}},"24":{"start":{"line":45,"column":6},"end":{"line":45,"column":13}},"25":{"start":{"line":47,"column":19},"end":{"line":47,"column":72}},"26":{"start":{"line":48,"column":4},"end":{"line":48,"column":55}},"27":{"start":{"line":48,"column":26},"end":{"line":48,"column":55}},"28":{"start":{"line":51,"column":24},"end":{"line":88,"column":3}},"29":{"start":{"line":52,"column":4},"end":{"line":55,"column":5}},"30":{"start":{"line":53,"column":6},"end":{"line":53,"column":56}},"31":{"start":{"line":54,"column":6},"end":{"line":54,"column":13}},"32":{"start":{"line":56,"column":21},"end":{"line":56,"column":40}},"33":{"start":{"line":57,"column":4},"end":{"line":60,"column":5}},"34":{"start":{"line":58,"column":6},"end":{"line":58,"column":53}},"35":{"start":{"line":59,"column":6},"end":{"line":59,"column":13}},"36":{"start":{"line":61,"column":4},"end":{"line":61,"column":21}},"37":{"start":{"line":62,"column":4},"end":{"line":87,"column":5}},"38":{"start":{"line":63,"column":23},"end":{"line":63,"column":37}},"39":{"start":{"line":64,"column":6},"end":{"line":64,"column":57}},"40":{"start":{"line":65,"column":6},"end":{"line":65,"column":49}},"41":{"start":{"line":66,"column":6},"end":{"line":66,"column":81}},"42":{"start":{"line":66,"column":30},"end":{"line":66,"column":81}},"43":{"start":{"line":67,"column":6},"end":{"line":67,"column":60}},"44":{"start":{"line":67,"column":23},"end":{"line":67,"column":60}},"45":{"start":{"line":68,"column":6},"end":{"line":73,"column":7}},"46":{"start":{"line":69,"column":25},"end":{"line":69,"column":45}},"47":{"start":{"line":70,"column":20},"end":{"line":70,"column":59}},"48":{"start":{"line":71,"column":21},"end":{"line":71,"column":63}},"49":{"start":{"line":72,"column":8},"end":{"line":72,"column":63}},"50":{"start":{"line":75,"column":6},"end":{"line":81,"column":14}},"51":{"start":{"line":82,"column":6},"end":{"line":82,"column":26}},"52":{"start":{"line":84,"column":6},"end":{"line":84,"column":32}},"53":{"start":{"line":86,"column":6},"end":{"line":86,"column":24}},"54":{"start":{"line":90,"column":2},"end":{"line":199,"column":4}},"55":{"start":{"line":116,"column":26},"end":{"line":116,"column":46}},"56":{"start":{"line":117,"column":14},"end":{"line":117,"column":28}},"57":{"start":{"line":128,"column":38},"end":{"line":128,"column":55}},"58":{"start":{"line":133,"column":39},"end":{"line":133,"column":47}},"59":{"start":{"line":134,"column":18},"end":{"line":134,"column":78}},"60":{"start":{"line":173,"column":72},"end":{"line":173,"column":84}},"61":{"start":{"line":194,"column":68},"end":{"line":194,"column":87}},"62":{"start":{"line":202,"column":15},"end":{"line":246,"column":2}}},"fnMap":{"0":{"name":"AddCompraScreen","decl":{"start":{"line":13,"column":24},"end":{"line":13,"column":39}},"loc":{"start":{"line":13,"column":63},"end":{"line":200,"column":1}},"line":13},"1":{"name":"(anonymous_1)","decl":{"start":{"line":24,"column":12},"end":{"line":24,"column":13}},"loc":{"start":{"line":24,"column":18},"end":{"line":26,"column":3}},"line":24},"2":{"name":"(anonymous_2)","decl":{"start":{"line":25,"column":28},"end":{"line":25,"column":29}},"loc":{"start":{"line":25,"column":38},"end":{"line":25,"column":56}},"line":25},"3":{"name":"(anonymous_3)","decl":{"start":{"line":25,"column":64},"end":{"line":25,"column":65}},"loc":{"start":{"line":25,"column":70},"end":{"line":25,"column":72}},"line":25},"4":{"name":"(anonymous_4)","decl":{"start":{"line":28,"column":29},"end":{"line":28,"column":30}},"loc":{"start":{"line":28,"column":41},"end":{"line":39,"column":3}},"line":28},"5":{"name":"(anonymous_5)","decl":{"start":{"line":41,"column":20},"end":{"line":41,"column":21}},"loc":{"start":{"line":41,"column":32},"end":{"line":49,"column":3}},"line":41},"6":{"name":"(anonymous_6)","decl":{"start":{"line":51,"column":24},"end":{"line":51,"column":25}},"loc":{"start":{"line":51,"column":36},"end":{"line":88,"column":3}},"line":51},"7":{"name":"(anonymous_7)","decl":{"start":{"line":115,"column":26},"end":{"line":115,"column":27}},"loc":{"start":{"line":115,"column":33},"end":{"line":118,"column":13}},"line":115},"8":{"name":"(anonymous_8)","decl":{"start":{"line":128,"column":31},"end":{"line":128,"column":32}},"loc":{"start":{"line":128,"column":38},"end":{"line":128,"column":55}},"line":128},"9":{"name":"(anonymous_9)","decl":{"start":{"line":133,"column":34},"end":{"line":133,"column":35}},"loc":{"start":{"line":133,"column":39},"end":{"line":133,"column":47}},"line":133},"10":{"name":"(anonymous_10)","decl":{"start":{"line":133,"column":53},"end":{"line":133,"column":54}},"loc":{"start":{"line":134,"column":18},"end":{"line":134,"column":78}},"line":134},"11":{"name":"(anonymous_11)","decl":{"start":{"line":173,"column":66},"end":{"line":173,"column":67}},"loc":{"start":{"line":173,"column":72},"end":{"line":173,"column":84}},"line":173},"12":{"name":"(anonymous_12)","decl":{"start":{"line":194,"column":62},"end":{"line":194,"column":63}},"loc":{"start":{"line":194,"column":68},"end":{"line":194,"column":87}},"line":194}},"branchMap":{"0":{"loc":{"start":{"line":30,"column":4},"end":{"line":33,"column":5}},"type":"if","locations":[{"start":{"line":30,"column":4},"end":{"line":33,"column":5}},{"start":{},"end":{}}],"line":30},"1":{"loc":{"start":{"line":38,"column":4},"end":{"line":38,"column":55}},"type":"if","locations":[{"start":{"line":38,"column":4},"end":{"line":38,"column":55}},{"start":{},"end":{}}],"line":38},"2":{"loc":{"start":{"line":43,"column":4},"end":{"line":46,"column":5}},"type":"if","locations":[{"start":{"line":43,"column":4},"end":{"line":46,"column":5}},{"start":{},"end":{}}],"line":43},"3":{"loc":{"start":{"line":48,"column":4},"end":{"line":48,"column":55}},"type":"if","locations":[{"start":{"line":48,"column":4},"end":{"line":48,"column":55}},{"start":{},"end":{}}],"line":48},"4":{"loc":{"start":{"line":52,"column":4},"end":{"line":55,"column":5}},"type":"if","locations":[{"start":{"line":52,"column":4},"end":{"line":55,"column":5}},{"start":{},"end":{}}],"line":52},"5":{"loc":{"start":{"line":57,"column":4},"end":{"line":60,"column":5}},"type":"if","locations":[{"start":{"line":57,"column":4},"end":{"line":60,"column":5}},{"start":{},"end":{}}],"line":57},"6":{"loc":{"start":{"line":57,"column":8},"end":{"line":57,"column":40}},"type":"binary-expr","locations":[{"start":{"line":57,"column":8},"end":{"line":57,"column":23}},{"start":{"line":57,"column":27},"end":{"line":57,"column":40}}],"line":57},"7":{"loc":{"start":{"line":66,"column":6},"end":{"line":66,"column":81}},"type":"if","locations":[{"start":{"line":66,"column":6},"end":{"line":66,"column":81}},{"start":{},"end":{}}],"line":66},"8":{"loc":{"start":{"line":67,"column":6},"end":{"line":67,"column":60}},"type":"if","locations":[{"start":{"line":67,"column":6},"end":{"line":67,"column":60}},{"start":{},"end":{}}],"line":67},"9":{"loc":{"start":{"line":68,"column":6},"end":{"line":73,"column":7}},"type":"if","locations":[{"start":{"line":68,"column":6},"end":{"line":73,"column":7}},{"start":{},"end":{}}],"line":68},"10":{"loc":{"start":{"line":71,"column":21},"end":{"line":71,"column":63}},"type":"cond-expr","locations":[{"start":{"line":71,"column":37},"end":{"line":71,"column":48}},{"start":{"line":71,"column":51},"end":{"line":71,"column":63}}],"line":71},"11":{"loc":{"start":{"line":78,"column":21},"end":{"line":78,"column":47}},"type":"binary-expr","locations":[{"start":{"line":78,"column":21},"end":{"line":78,"column":39}},{"start":{"line":78,"column":43},"end":{"line":78,"column":47}}],"line":78},"12":{"loc":{"start":{"line":79,"column":14},"end":{"line":79,"column":33}},"type":"binary-expr","locations":[{"start":{"line":79,"column":14},"end":{"line":79,"column":25}},{"start":{"line":79,"column":29},"end":{"line":79,"column":33}}],"line":79},"13":{"loc":{"start":{"line":80,"column":14},"end":{"line":80,"column":87}},"type":"cond-expr","locations":[{"start":{"line":80,"column":20},"end":{"line":80,"column":75}},{"start":{"line":80,"column":78},"end":{"line":80,"column":87}}],"line":80},"14":{"loc":{"start":{"line":114,"column":19},"end":{"line":114,"column":69}},"type":"cond-expr","locations":[{"start":{"line":114,"column":27},"end":{"line":114,"column":64}},{"start":{"line":114,"column":67},"end":{"line":114,"column":69}}],"line":114},"15":{"loc":{"start":{"line":124,"column":11},"end":{"line":146,"column":11}},"type":"cond-expr","locations":[{"start":{"line":125,"column":12},"end":{"line":137,"column":19}},{"start":{"line":139,"column":12},"end":{"line":145,"column":14}}],"line":124},"16":{"loc":{"start":{"line":170,"column":11},"end":{"line":181,"column":11}},"type":"cond-expr","locations":[{"start":{"line":171,"column":12},"end":{"line":176,"column":19}},{"start":{"line":178,"column":12},"end":{"line":180,"column":19}}],"line":170},"17":{"loc":{"start":{"line":184,"column":32},"end":{"line":184,"column":61}},"type":"binary-expr","locations":[{"start":{"line":184,"column":32},"end":{"line":184,"column":39}},{"start":{"line":184,"column":43},"end":{"line":184,"column":61}}],"line":184},"18":{"loc":{"start":{"line":188,"column":13},"end":{"line":190,"column":68}},"type":"cond-expr","locations":[{"start":{"line":189,"column":16},"end":{"line":189,"column":50}},{"start":{"line":190,"column":16},"end":{"line":190,"column":68}}],"line":188}},"s":{"0":0,"1":0,"2":0,"3":0,"4":0,"5":0,"6":0,"7":0,"8":0,"9":0,"10":0,"11":0,"12":0,"13":0,"14":0,"15":0,"16":0,"17":0,"18":0,"19":0,"20":0,"21":0,"22":0,"23":0,"24":0,"25":0,"26":0,"27":0,"28":0,"29":0,"30":0,"31":0,"32":0,"33":0,"34":0,"35":0,"36":0,"37":0,"38":0,"39":0,"40":0,"41":0,"42":0,"43":0,"44":0,"45":0,"46":0,"47":0,"48":0,"49":0,"50":0,"51":0,"52":0,"53":0,"54":0,"55":0,"56":0,"57":0,"58":0,"59":0,"60":0,"61":0,"62":0},"f":{"0":0,"1":0,"2":0,"3":0,"4":0,"5":0,"6":0,"7":0,"8":0,"9":0,"10":0,"11":0,"12":0},"b":{"0":[0,0],"1":[0,0],"2":[0,0],"3":[0,0],"4":[0,0],"5":[0,0],"6":[0,0],"7":[0,0],"8":[0,0],"9":[0,0],"10":[0,0],"11":[0,0],"12":[0,0],"13":[0,0],"14":[0,0],"15":[0,0],"16":[0,0],"17":[0,0],"18":[0,0]}}
,"C:\\taller_api\\mobile_app\\src\\screens\\AddFotoScreen.js": {"path":"C:\\taller_api\\mobile_app\\src\\screens\\AddFotoScreen.js","statementMap":{"0":{"start":{"line":12,"column":14},"end":{"line":12,"column":42}},"1":{"start":{"line":15,"column":23},"end":{"line":15,"column":35}},"2":{"start":{"line":16,"column":16},"end":{"line":16,"column":26}},"3":{"start":{"line":17,"column":24},"end":{"line":17,"column":38}},"4":{"start":{"line":18,"column":40},"end":{"line":18,"column":52}},"5":{"start":{"line":19,"column":26},"end":{"line":19,"column":42}},"6":{"start":{"line":20,"column":32},"end":{"line":20,"column":47}},"7":{"start":{"line":22,"column":26},"end":{"line":35,"column":3}},"8":{"start":{"line":23,"column":23},"end":{"line":23,"column":78}},"9":{"start":{"line":24,"column":4},"end":{"line":27,"column":5}},"10":{"start":{"line":25,"column":6},"end":{"line":25,"column":75}},"11":{"start":{"line":26,"column":6},"end":{"line":26,"column":13}},"12":{"start":{"line":28,"column":19},"end":{"line":31,"column":6}},"13":{"start":{"line":32,"column":4},"end":{"line":34,"column":5}},"14":{"start":{"line":33,"column":6},"end":{"line":33,"column":35}},"15":{"start":{"line":37,"column":20},"end":{"line":47,"column":3}},"16":{"start":{"line":38,"column":23},"end":{"line":38,"column":72}},"17":{"start":{"line":39,"column":4},"end":{"line":42,"column":5}},"18":{"start":{"line":40,"column":6},"end":{"line":40,"column":57}},"19":{"start":{"line":41,"column":6},"end":{"line":41,"column":13}},"20":{"start":{"line":43,"column":19},"end":{"line":43,"column":72}},"21":{"start":{"line":44,"column":4},"end":{"line":46,"column":5}},"22":{"start":{"line":45,"column":6},"end":{"line":45,"column":35}},"23":{"start":{"line":49,"column":24},"end":{"line":63,"column":3}},"24":{"start":{"line":50,"column":4},"end":{"line":53,"column":5}},"25":{"start":{"line":51,"column":6},"end":{"line":51,"column":61}},"26":{"start":{"line":52,"column":6},"end":{"line":52,"column":13}},"27":{"start":{"line":54,"column":4},"end":{"line":54,"column":21}},"28":{"start":{"line":55,"column":4},"end":{"line":62,"column":5}},"29":{"start":{"line":56,"column":6},"end":{"line":56,"column":75}},"30":{"start":{"line":57,"column":6},"end":{"line":57,"column":26}},"31":{"start":{"line":59,"column":6},"end":{"line":59,"column":32}},"32":{"start":{"line":61,"column":6},"end":{"line":61,"column":24}},"33":{"start":{"line":65,"column":2},"end":{"line":139,"column":4}},"34":{"start":{"line":78,"column":14},"end":{"line":84,"column":33}},"35":{"start":{"line":81,"column":31},"end":{"line":81,"column":41}},"36":{"start":{"line":102,"column":72},"end":{"line":102,"column":84}},"37":{"start":{"line":134,"column":68},"end":{"line":134,"column":87}},"38":{"start":{"line":142,"column":15},"end":{"line":186,"column":2}}},"fnMap":{"0":{"name":"AddFotoScreen","decl":{"start":{"line":14,"column":24},"end":{"line":14,"column":37}},"loc":{"start":{"line":14,"column":61},"end":{"line":140,"column":1}},"line":14},"1":{"name":"(anonymous_1)","decl":{"start":{"line":22,"column":26},"end":{"line":22,"column":27}},"loc":{"start":{"line":22,"column":38},"end":{"line":35,"column":3}},"line":22},"2":{"name":"(anonymous_2)","decl":{"start":{"line":37,"column":20},"end":{"line":37,"column":21}},"loc":{"start":{"line":37,"column":32},"end":{"line":47,"column":3}},"line":37},"3":{"name":"(anonymous_3)","decl":{"start":{"line":49,"column":24},"end":{"line":49,"column":25}},"loc":{"start":{"line":49,"column":36},"end":{"line":63,"column":3}},"line":49},"4":{"name":"(anonymous_4)","decl":{"start":{"line":77,"column":23},"end":{"line":77,"column":24}},"loc":{"start":{"line":78,"column":14},"end":{"line":84,"column":33}},"line":78},"5":{"name":"(anonymous_5)","decl":{"start":{"line":81,"column":25},"end":{"line":81,"column":26}},"loc":{"start":{"line":81,"column":31},"end":{"line":81,"column":41}},"line":81},"6":{"name":"(anonymous_6)","decl":{"start":{"line":102,"column":66},"end":{"line":102,"column":67}},"loc":{"start":{"line":102,"column":72},"end":{"line":102,"column":84}},"line":102},"7":{"name":"(anonymous_7)","decl":{"start":{"line":134,"column":62},"end":{"line":134,"column":63}},"loc":{"start":{"line":134,"column":68},"end":{"line":134,"column":87}},"line":134}},"branchMap":{"0":{"loc":{"start":{"line":24,"column":4},"end":{"line":27,"column":5}},"type":"if","locations":[{"start":{"line":24,"column":4},"end":{"line":27,"column":5}},{"start":{},"end":{}}],"line":24},"1":{"loc":{"start":{"line":32,"column":4},"end":{"line":34,"column":5}},"type":"if","locations":[{"start":{"line":32,"column":4},"end":{"line":34,"column":5}},{"start":{},"end":{}}],"line":32},"2":{"loc":{"start":{"line":39,"column":4},"end":{"line":42,"column":5}},"type":"if","locations":[{"start":{"line":39,"column":4},"end":{"line":42,"column":5}},{"start":{},"end":{}}],"line":39},"3":{"loc":{"start":{"line":44,"column":4},"end":{"line":46,"column":5}},"type":"if","locations":[{"start":{"line":44,"column":4},"end":{"line":46,"column":5}},{"start":{},"end":{}}],"line":44},"4":{"loc":{"start":{"line":50,"column":4},"end":{"line":53,"column":5}},"type":"if","locations":[{"start":{"line":50,"column":4},"end":{"line":53,"column":5}},{"start":{},"end":{}}],"line":50},"5":{"loc":{"start":{"line":56,"column":41},"end":{"line":56,"column":67}},"type":"binary-expr","locations":[{"start":{"line":56,"column":41},"end":{"line":56,"column":59}},{"start":{"line":56,"column":63},"end":{"line":56,"column":67}}],"line":56},"6":{"loc":{"start":{"line":80,"column":40},"end":{"line":80,"column":74}},"type":"binary-expr","locations":[{"start":{"line":80,"column":40},"end":{"line":80,"column":50}},{"start":{"line":80,"column":54},"end":{"line":80,"column":74}}],"line":80},"7":{"loc":{"start":{"line":83,"column":50},"end":{"line":83,"column":88}},"type":"binary-expr","locations":[{"start":{"line":83,"column":50},"end":{"line":83,"column":60}},{"start":{"line":83,"column":64},"end":{"line":83,"column":88}}],"line":83},"8":{"loc":{"start":{"line":99,"column":11},"end":{"line":106,"column":11}},"type":"binary-expr","locations":[{"start":{"line":99,"column":11},"end":{"line":99,"column":14}},{"start":{"line":100,"column":12},"end":{"line":105,"column":19}}],"line":99},"9":{"loc":{"start":{"line":108,"column":11},"end":{"line":112,"column":11}},"type":"binary-expr","locations":[{"start":{"line":108,"column":11},"end":{"line":108,"column":15}},{"start":{"line":109,"column":12},"end":{"line":111,"column":19}}],"line":108},"10":{"loc":{"start":{"line":124,"column":32},"end":{"line":124,"column":71}},"type":"binary-expr","locations":[{"start":{"line":124,"column":33},"end":{"line":124,"column":37}},{"start":{"line":124,"column":41},"end":{"line":124,"column":48}},{"start":{"line":124,"column":53},"end":{"line":124,"column":71}}],"line":124},"11":{"loc":{"start":{"line":126,"column":22},"end":{"line":126,"column":37}},"type":"binary-expr","locations":[{"start":{"line":126,"column":22},"end":{"line":126,"column":26}},{"start":{"line":126,"column":30},"end":{"line":126,"column":37}}],"line":126},"12":{"loc":{"start":{"line":128,"column":13},"end":{"line":130,"column":64}},"type":"cond-expr","locations":[{"start":{"line":129,"column":16},"end":{"line":129,"column":50}},{"start":{"line":130,"column":16},"end":{"line":130,"column":64}}],"line":128}},"s":{"0":0,"1":0,"2":0,"3":0,"4":0,"5":0,"6":0,"7":0,"8":0,"9":0,"10":0,"11":0,"12":0,"13":0,"14":0,"15":0,"16":0,"17":0,"18":0,"19":0,"20":0,"21":0,"22":0,"23":0,"24":0,"25":0,"26":0,"27":0,"28":0,"29":0,"30":0,"31":0,"32":0,"33":0,"34":0,"35":0,"36":0,"37":0,"38":0},"f":{"0":0,"1":0,"2":0,"3":0,"4":0,"5":0,"6":0,"7":0},"b":{"0":[0,0],"1":[0,0],"2":[0,0],"3":[0,0],"4":[0,0],"5":[0,0],"6":[0,0],"7":[0,0],"8":[0,0],"9":[0,0],"10":[0,0,0],"11":[0,0],"12":[0,0]}}
,"C:\\taller_api\\mobile_app\\src\\screens\\AddProcesoScreen.js": {"path":"C:\\taller_api\\mobile_app\\src\\screens\\AddProcesoScreen.js","statementMap":{"0":{"start":{"line":16,"column":33},"end":{"line":27,"column":1}},"1":{"start":{"line":30,"column":23},"end":{"line":30,"column":35}},"2":{"start":{"line":31,"column":16},"end":{"line":31,"column":26}},"3":{"start":{"line":32,"column":23},"end":{"line":32,"column":35}},"4":{"start":{"line":33,"column":30},"end":{"line":33,"column":42}},"5":{"start":{"line":34,"column":40},"end":{"line":34,"column":52}},"6":{"start":{"line":35,"column":34},"end":{"line":35,"column":46}},"7":{"start":{"line":36,"column":32},"end":{"line":36,"column":46}},"8":{"start":{"line":37,"column":32},"end":{"line":37,"column":47}},"9":{"start":{"line":38,"column":36},"end":{"line":38,"column":48}},"10":{"start":{"line":39,"column":48},"end":{"line":39,"column":82}},"11":{"start":{"line":41,"column":2},"end":{"line":46,"column":9}},"12":{"start":{"line":42,"column":4},"end":{"line":42,"column":74}},"13":{"start":{"line":42,"column":38},"end":{"line":42,"column":56}},"14":{"start":{"line":43,"column":4},"end":{"line":45,"column":23}},"15":{"start":{"line":44,"column":6},"end":{"line":44,"column":87}},"16":{"start":{"line":44,"column":53},"end":{"line":44,"column":87}},"17":{"start":{"line":48,"column":20},"end":{"line":53,"column":3}},"18":{"start":{"line":49,"column":23},"end":{"line":49,"column":72}},"19":{"start":{"line":50,"column":4},"end":{"line":50,"column":93}},"20":{"start":{"line":50,"column":32},"end":{"line":50,"column":83}},"21":{"start":{"line":50,"column":84},"end":{"line":50,"column":91}},"22":{"start":{"line":51,"column":19},"end":{"line":51,"column":72}},"23":{"start":{"line":52,"column":4},"end":{"line":52,"column":59}},"24":{"start":{"line":52,"column":26},"end":{"line":52,"column":59}},"25":{"start":{"line":55,"column":26},"end":{"line":60,"column":3}},"26":{"start":{"line":56,"column":23},"end":{"line":56,"column":78}},"27":{"start":{"line":57,"column":4},"end":{"line":57,"column":94}},"28":{"start":{"line":57,"column":32},"end":{"line":57,"column":84}},"29":{"start":{"line":57,"column":85},"end":{"line":57,"column":92}},"30":{"start":{"line":58,"column":19},"end":{"line":58,"column":127}},"31":{"start":{"line":59,"column":4},"end":{"line":59,"column":59}},"32":{"start":{"line":59,"column":26},"end":{"line":59,"column":59}},"33":{"start":{"line":62,"column":24},"end":{"line":99,"column":3}},"34":{"start":{"line":63,"column":4},"end":{"line":66,"column":5}},"35":{"start":{"line":64,"column":6},"end":{"line":64,"column":63}},"36":{"start":{"line":65,"column":6},"end":{"line":65,"column":13}},"37":{"start":{"line":67,"column":4},"end":{"line":67,"column":21}},"38":{"start":{"line":68,"column":4},"end":{"line":98,"column":5}},"39":{"start":{"line":70,"column":6},"end":{"line":86,"column":7}},"40":{"start":{"line":71,"column":8},"end":{"line":82,"column":11}},"41":{"start":{"line":83,"column":8},"end":{"line":83,"column":95}},"42":{"start":{"line":84,"column":8},"end":{"line":84,"column":28}},"43":{"start":{"line":85,"column":8},"end":{"line":85,"column":15}},"44":{"start":{"line":88,"column":6},"end":{"line":92,"column":18}},"45":{"start":{"line":93,"column":6},"end":{"line":93,"column":26}},"46":{"start":{"line":95,"column":6},"end":{"line":95,"column":32}},"47":{"start":{"line":97,"column":6},"end":{"line":97,"column":24}},"48":{"start":{"line":101,"column":2},"end":{"line":206,"column":4}},"49":{"start":{"line":114,"column":14},"end":{"line":120,"column":33}},"50":{"start":{"line":117,"column":31},"end":{"line":117,"column":43}},"51":{"start":{"line":145,"column":72},"end":{"line":145,"column":88}},"52":{"start":{"line":156,"column":38},"end":{"line":156,"column":52}},"53":{"start":{"line":161,"column":39},"end":{"line":161,"column":47}},"54":{"start":{"line":162,"column":18},"end":{"line":162,"column":78}},"55":{"start":{"line":201,"column":68},"end":{"line":201,"column":87}},"56":{"start":{"line":209,"column":15},"end":{"line":281,"column":2}}},"fnMap":{"0":{"name":"AddProcesoScreen","decl":{"start":{"line":29,"column":24},"end":{"line":29,"column":40}},"loc":{"start":{"line":29,"column":64},"end":{"line":207,"column":1}},"line":29},"1":{"name":"(anonymous_1)","decl":{"start":{"line":41,"column":12},"end":{"line":41,"column":13}},"loc":{"start":{"line":41,"column":18},"end":{"line":46,"column":3}},"line":41},"2":{"name":"(anonymous_2)","decl":{"start":{"line":42,"column":28},"end":{"line":42,"column":29}},"loc":{"start":{"line":42,"column":38},"end":{"line":42,"column":56}},"line":42},"3":{"name":"(anonymous_3)","decl":{"start":{"line":42,"column":64},"end":{"line":42,"column":65}},"loc":{"start":{"line":42,"column":70},"end":{"line":42,"column":72}},"line":42},"4":{"name":"(anonymous_4)","decl":{"start":{"line":43,"column":34},"end":{"line":43,"column":35}},"loc":{"start":{"line":43,"column":44},"end":{"line":45,"column":5}},"line":43},"5":{"name":"(anonymous_5)","decl":{"start":{"line":45,"column":13},"end":{"line":45,"column":14}},"loc":{"start":{"line":45,"column":19},"end":{"line":45,"column":21}},"line":45},"6":{"name":"(anonymous_6)","decl":{"start":{"line":48,"column":20},"end":{"line":48,"column":21}},"loc":{"start":{"line":48,"column":32},"end":{"line":53,"column":3}},"line":48},"7":{"name":"(anonymous_7)","decl":{"start":{"line":55,"column":26},"end":{"line":55,"column":27}},"loc":{"start":{"line":55,"column":38},"end":{"line":60,"column":3}},"line":55},"8":{"name":"(anonymous_8)","decl":{"start":{"line":62,"column":24},"end":{"line":62,"column":25}},"loc":{"start":{"line":62,"column":36},"end":{"line":99,"column":3}},"line":62},"9":{"name":"(anonymous_9)","decl":{"start":{"line":113,"column":33},"end":{"line":113,"column":34}},"loc":{"start":{"line":114,"column":14},"end":{"line":120,"column":33}},"line":114},"10":{"name":"(anonymous_10)","decl":{"start":{"line":117,"column":25},"end":{"line":117,"column":26}},"loc":{"start":{"line":117,"column":31},"end":{"line":117,"column":43}},"line":117},"11":{"name":"(anonymous_11)","decl":{"start":{"line":145,"column":66},"end":{"line":145,"column":67}},"loc":{"start":{"line":145,"column":72},"end":{"line":145,"column":88}},"line":145},"12":{"name":"(anonymous_12)","decl":{"start":{"line":156,"column":31},"end":{"line":156,"column":32}},"loc":{"start":{"line":156,"column":38},"end":{"line":156,"column":52}},"line":156},"13":{"name":"(anonymous_13)","decl":{"start":{"line":161,"column":34},"end":{"line":161,"column":35}},"loc":{"start":{"line":161,"column":39},"end":{"line":161,"column":47}},"line":161},"14":{"name":"(anonymous_14)","decl":{"start":{"line":161,"column":53},"end":{"line":161,"column":54}},"loc":{"start":{"line":162,"column":18},"end":{"line":162,"column":78}},"line":162},"15":{"name":"(anonymous_15)","decl":{"start":{"line":201,"column":62},"end":{"line":201,"column":63}},"loc":{"start":{"line":201,"column":68},"end":{"line":201,"column":87}},"line":201}},"branchMap":{"0":{"loc":{"start":{"line":44,"column":6},"end":{"line":44,"column":87}},"type":"if","locations":[{"start":{"line":44,"column":6},"end":{"line":44,"column":87}},{"start":{},"end":{}}],"line":44},"1":{"loc":{"start":{"line":44,"column":10},"end":{"line":44,"column":51}},"type":"binary-expr","locations":[{"start":{"line":44,"column":10},"end":{"line":44,"column":23}},{"start":{"line":44,"column":27},"end":{"line":44,"column":51}}],"line":44},"2":{"loc":{"start":{"line":50,"column":4},"end":{"line":50,"column":93}},"type":"if","locations":[{"start":{"line":50,"column":4},"end":{"line":50,"column":93}},{"start":{},"end":{}}],"line":50},"3":{"loc":{"start":{"line":52,"column":4},"end":{"line":52,"column":59}},"type":"if","locations":[{"start":{"line":52,"column":4},"end":{"line":52,"column":59}},{"start":{},"end":{}}],"line":52},"4":{"loc":{"start":{"line":57,"column":4},"end":{"line":57,"column":94}},"type":"if","locations":[{"start":{"line":57,"column":4},"end":{"line":57,"column":94}},{"start":{},"end":{}}],"line":57},"5":{"loc":{"start":{"line":59,"column":4},"end":{"line":59,"column":59}},"type":"if","locations":[{"start":{"line":59,"column":4},"end":{"line":59,"column":59}},{"start":{},"end":{}}],"line":59},"6":{"loc":{"start":{"line":63,"column":4},"end":{"line":66,"column":5}},"type":"if","locations":[{"start":{"line":63,"column":4},"end":{"line":66,"column":5}},{"start":{},"end":{}}],"line":63},"7":{"loc":{"start":{"line":70,"column":6},"end":{"line":86,"column":7}},"type":"if","locations":[{"start":{"line":70,"column":6},"end":{"line":86,"column":7}},{"start":{},"end":{}}],"line":70},"8":{"loc":{"start":{"line":72,"column":16},"end":{"line":72,"column":70}},"type":"cond-expr","locations":[{"start":{"line":72,"column":26},"end":{"line":72,"column":51}},{"start":{"line":72,"column":54},"end":{"line":72,"column":70}}],"line":72},"9":{"loc":{"start":{"line":78,"column":25},"end":{"line":78,"column":51}},"type":"binary-expr","locations":[{"start":{"line":78,"column":25},"end":{"line":78,"column":43}},{"start":{"line":78,"column":47},"end":{"line":78,"column":51}}],"line":78},"10":{"loc":{"start":{"line":79,"column":22},"end":{"line":79,"column":45}},"type":"binary-expr","locations":[{"start":{"line":79,"column":22},"end":{"line":79,"column":37}},{"start":{"line":79,"column":41},"end":{"line":79,"column":45}}],"line":79},"11":{"loc":{"start":{"line":80,"column":21}
[...]
rt":{"line":133,"column":6},"end":{"line":133,"column":42}},"53":{"start":{"line":134,"column":6},"end":{"line":134,"column":33}},"54":{"start":{"line":135,"column":6},"end":{"line":135,"column":18}},"55":{"start":{"line":137,"column":6},"end":{"line":137,"column":29}},"56":{"start":{"line":138,"column":6},"end":{"line":138,"column":29}},"57":{"start":{"line":146,"column":65},"end":{"line":146,"column":72}},"58":{"start":{"line":148,"column":21},"end":{"line":148,"column":35}},"59":{"start":{"line":149,"column":4},"end":{"line":149,"column":38}},"60":{"start":{"line":150,"column":4},"end":{"line":150,"column":65}},"61":{"start":{"line":150,"column":21},"end":{"line":150,"column":65}},"62":{"start":{"line":151,"column":4},"end":{"line":151,"column":56}},"63":{"start":{"line":151,"column":18},"end":{"line":151,"column":56}},"64":{"start":{"line":153,"column":4},"end":{"line":158,"column":5}},"65":{"start":{"line":154,"column":23},"end":{"line":154,"column":47}},"66":{"start":{"line":155,"column":18},"end":{"line":155,"column":57}},"67":{"start":{"line":156,"column":23},"end":{"line":156,"column":65}},"68":{"start":{"line":157,"column":6},"end":{"line":157,"column":80}},"69":{"start":{"line":160,"column":21},"end":{"line":163,"column":5}},"70":{"start":{"line":165,"column":4},"end":{"line":168,"column":5}},"71":{"start":{"line":166,"column":18},"end":{"line":166,"column":57}},"72":{"start":{"line":166,"column":53},"end":{"line":166,"column":55}},"73":{"start":{"line":167,"column":6},"end":{"line":167,"column":64}},"74":{"start":{"line":175,"column":19},"end":{"line":175,"column":50}},"75":{"start":{"line":176,"column":18},"end":{"line":176,"column":62}},"76":{"start":{"line":178,"column":4},"end":{"line":184,"column":14}},"77":{"start":{"line":179,"column":6},"end":{"line":183,"column":7}},"78":{"start":{"line":180,"column":8},"end":{"line":182,"column":11}},"79":{"start":{"line":181,"column":10},"end":{"line":181,"column":42}},"80":{"start":{"line":192,"column":4},"end":{"line":196,"column":14}},"81":{"start":{"line":193,"column":6},"end":{"line":195,"column":7}},"82":{"start":{"line":194,"column":8},"end":{"line":194,"column":58}},"83":{"start":{"line":203,"column":4},"end":{"line":206,"column":5}},"84":{"start":{"line":204,"column":6},"end":{"line":204,"column":39}},"85":{"start":{"line":205,"column":6},"end":{"line":205,"column":31}},"86":{"start":{"line":213,"column":21},"end":{"line":213,"column":48}},"87":{"start":{"line":214,"column":4},"end":{"line":217,"column":8}},"88":{"start":{"line":224,"column":21},"end":{"line":224,"column":48}},"89":{"start":{"line":225,"column":19},"end":{"line":225,"column":55}},"90":{"start":{"line":227,"column":4},"end":{"line":229,"column":5}},"91":{"start":{"line":228,"column":6},"end":{"line":228,"column":18}},"92":{"start":{"line":231,"column":32},"end":{"line":231,"column":50}},"93":{"start":{"line":232,"column":16},"end":{"line":232,"column":58}},"94":{"start":{"line":234,"column":4},"end":{"line":238,"column":5}},"95":{"start":{"line":236,"column":6},"end":{"line":236,"column":46}},"96":{"start":{"line":237,"column":6},"end":{"line":237,"column":18}},"97":{"start":{"line":240,"column":4},"end":{"line":240,"column":16}},"98":{"start":{"line":247,"column":17},"end":{"line":247,"column":48}},"99":{"start":{"line":248,"column":22},"end":{"line":248,"column":70}},"100":{"start":{"line":248,"column":39},"end":{"line":248,"column":69}},"101":{"start":{"line":250,"column":4},"end":{"line":260,"column":5}},"102":{"start":{"line":251,"column":21},"end":{"line":251,"column":52}},"103":{"start":{"line":252,"column":6},"end":{"line":259,"column":7}},"104":{"start":{"line":253,"column":30},"end":{"line":253,"column":48}},"105":{"start":{"line":254,"column":20},"end":{"line":254,"column":62}},"106":{"start":{"line":256,"column":8},"end":{"line":258,"column":9}},"107":{"start":{"line":257,"column":10},"end":{"line":257,"column":45}},"108":{"start":{"line":267,"column":19},"end":{"line":267,"column":56}},"109":{"start":{"line":268,"column":4},"end":{"line":270,"column":5}},"110":{"start":{"line":269,"column":6},"end":{"line":269,"column":50}},"111":{"start":{"line":277,"column":4},"end":{"line":277,"column":82}},"112":{"start":{"line":284,"column":4},"end":{"line":284,"column":34}},"113":{"start":{"line":285,"column":4},"end":{"line":287,"column":6}},"114":{"start":{"line":286,"column":6},"end":{"line":286,"column":66}},"115":{"start":{"line":286,"column":50},"end":{"line":286,"column":64}},"116":{"start":{"line":294,"column":18},"end":{"line":298,"column":5}},"117":{"start":{"line":300,"column":4},"end":{"line":306,"column":7}},"118":{"start":{"line":301,"column":6},"end":{"line":305,"column":7}},"119":{"start":{"line":302,"column":8},"end":{"line":302,"column":24}},"120":{"start":{"line":304,"column":8},"end":{"line":304,"column":48}},"121":{"start":{"line":313,"column":4},"end":{"line":317,"column":6}}},"fnMap":{"0":{"name":"(anonymous_0)","decl":{"start":{"line":10,"column":2},"end":{"line":10,"column":3}},"loc":{"start":{"line":10,"column":16},"end":{"line":16,"column":3}},"line":10},"1":{"name":"(anonymous_1)","decl":{"start":{"line":21,"column":2},"end":{"line":21,"column":3}},"loc":{"start":{"line":21,"column":21},"end":{"line":41,"column":3}},"line":21},"2":{"name":"(anonymous_2)","decl":{"start":{"line":26,"column":55},"end":{"line":26,"column":56}},"loc":{"start":{"line":26,"column":64},"end":{"line":36,"column":5}},"line":26},"3":{"name":"(anonymous_3)","decl":{"start":{"line":46,"column":2},"end":{"line":46,"column":3}},"loc":{"start":{"line":46,"column":12},"end":{"line":50,"column":3}},"line":46},"4":{"name":"(anonymous_4)","decl":{"start":{"line":55,"column":2},"end":{"line":55,"column":3}},"loc":{"start":{"line":55,"column":36},"end":{"line":67,"column":3}},"line":55},"5":{"name":"(anonymous_5)","decl":{"start":{"line":72,"column":2},"end":{"line":72,"column":3}},"loc":{"start":{"line":72,"column":25},"end":{"line":74,"column":3}},"line":72},"6":{"name":"(anonymous_6)","decl":{"start":{"line":79,"column":2},"end":{"line":79,"column":3}},"loc":{"start":{"line":79,"column":32},"end":{"line":140,"column":3}},"line":79},"7":{"name":"(anonymous_7)","decl":{"start":{"line":125,"column":8},"end":{"line":125,"column":9}},"loc":{"start":{"line":125,"column":14},"end":{"line":125,"column":41}},"line":125},"8":{"name":"(anonymous_8)","decl":{"start":{"line":145,"column":2},"end":{"line":145,"column":3}},"loc":{"start":{"line":145,"column":41},"end":{"line":169,"column":3}},"line":145},"9":{"name":"(anonymous_9)","decl":{"start":{"line":166,"column":46},"end":{"line":166,"column":47}},"loc":{"start":{"line":166,"column":53},"end":{"line":166,"column":55}},"line":166},"10":{"name":"(anonymous_10)","decl":{"start":{"line":174,"column":2},"end":{"line":174,"column":3}},"loc":{"start":{"line":174,"column":35},"end":{"line":185,"column":3}},"line":174},"11":{"name":"(anonymous_11)","decl":{"start":{"line":178,"column":15},"end":{"line":178,"column":16}},"loc":{"start":{"line":178,"column":21},"end":{"line":184,"column":5}},"line":178},"12":{"name":"(anonymous_12)","decl":{"start":{"line":180,"column":43},"end":{"line":180,"column":44}},"loc":{"start":{"line":180,"column":49},"end":{"line":182,"column":9}},"line":180},"13":{"name":"(anonymous_13)","decl":{"start":{"line":190,"column":2},"end":{"line":190,"column":3}},"loc":{"start":{"line":190,"column":18},"end":{"line":197,"column":3}},"line":190},"14":{"name":"(anonymous_14)","decl":{"start":{"line":192,"column":36},"end":{"line":192,"column":37}},"loc":{"start":{"line":192,"column":42},"end":{"line":196,"column":5}},"line":192},"15":{"name":"(anonymous_15)","decl":{"start":{"line":202,"column":2},"end":{"line":202,"column":3}},"loc":{"start":{"line":202,"column":17},"end":{"line":207,"column":3}},"line":202},"16":{"name":"(anonymous_16)","decl":{"start":{"line":212,"column":2},"end":{"line":212,"column":3}},"loc":{"start":{"line":212,"column":29},"end":{"line":218,"column":3}},"line":212},"17":{"name":"(anonymous_17)","decl":{"start":{"line":223,"column":2},"end":{"line":223,"column":3}},"loc":{"start":{"line":223,"column":61},"end":{"line":241,"column":3}},"line":223},"18":{"name":"(anonymous_18)","decl":{"start":{"line":246,"column":2},"end":{"line":246,"column":3}},"loc":{"start":{"line":246,"column":56},"end":{"line":261,"column":3}},"line":246},"19":{"name":"(anonymous_19)","decl":{"start":{"line":248,"column":34},"end":{"line":248,"column":35}},"loc":{"start":{"line":248,"column":39},"end":{"line":248,"column":69}},"line":248},"20":{"name":"(anonymous_20)","decl":{"start":{"line":266,"column":2},"end":{"line":266,"column":3}},"loc":{"start":{"line":266,"column":32},"end":{"line":271,"column":3}},"line":266},"21":{"name":"(anonymous_21)","decl":{"start":{"line":276,"column":2},"end":{"line":276,"column":3}},"loc":{"start":{"line":276,"column":32},"end":{"line":278,"column":3}},"line":276},"22":{"name":"(anonymous_22)","decl":{"start":{"line":283,"column":2},"end":{"line":283,"column":3}},"loc":{"start":{"line":283,"column":24},"end":{"line":288,"column":3}},"line":283},"23":{"name":"(anonymous_23)","decl":{"start":{"line":285,"column":11},"end":{"line":285,"column":12}},"loc":{"start":{"line":285,"column":17},"end":{"line":287,"column":5}},"line":285},"24":{"name":"(anonymous_24)","decl":{"start":{"line":286,"column":45},"end":{"line":286,"column":46}},"loc":{"start":{"line":286,"column":50},"end":{"line":286,"column":64}},"line":286},"25":{"name":"(anonymous_25)","decl":{"start":{"line":293,"column":2},"end":{"line":293,"column":3}},"loc":{"start":{"line":293,"column":20},"end":{"line":307,"column":3}},"line":293},"26":{"name":"(anonymous_26)","decl":{"start":{"line":300,"column":27},"end":{"line":300,"column":28}},"loc":{"start":{"line":300,"column":39},"end":{"line":306,"column":5}},"line":300},"27":{"name":"(anonymous_27)","decl":{"start":{"line":312,"column":2},"end":{"line":312,"column":3}},"loc":{"start":{"line":312,"column":13},"end":{"line":318,"column":3}},"line":312}},"branchMap":{"0":{"loc":{"start":{"line":28,"column":22},"end":{"line":28,"column":68}},"type":"binary-expr","locations":[{"start":{"line":28,"column":22},"end":{"line":28,"column":39}},{"start":{"line":28,"column":43},"end":{"line":28,"column":68}}],"line":28},"1":{"loc":{"start":{"line":31,"column":6},"end":{"line":33,"column":7}},"type":"if","locations":[{"start":{"line":31,"column":6},"end":{"line":33,"column":7}},{"start":{},"end":{}}],"line":31},"2":{"loc":{"start":{"line":31,"column":10},"end":{"line":31,"column":37}},"type":"binary-expr","locations":[{"start":{"line":31,"column":10},"end":{"line":31,"column":20}},{"start":{"line":31,"column":24},"end":{"line":31,"column":37}}],"line":31},"3":{"loc":{"start":{"line":40,"column":20},"end":{"line":40,"column":66}},"type":"binary-expr","locations":[{"start":{"line":40,"column":20},"end":{"line":40,"column":37}},{"start":{"line":40,"column":41},"end":{"line":40,"column":66}}],"line":40},"4":{"loc":{"start":{"line":47,"column":4},"end":{"line":49,"column":5}},"type":"if","locations":[{"start":{"line":47,"column":4},"end":{"line":49,"column":5}},{"start":{},"end":{}}],"line":47},"5":{"loc":{"start":{"line":80,"column":4},"end":{"line":82,"column":5}},"type":"if","locations":[{"start":{"line":80,"column":4},"end":{"line":82,"column":5}},{"start":{},"end":{}}],"line":80},"6":{"loc":{"start":{"line":80,"column":8},"end":{"line":80,"column":79}},"type":"binary-expr","locations":[{"start":{"line":80,"column":8},"end":{"line":80,"column":22}},{"start":{"line":80,"column":26},"end":{"line":80,"column":40}},{"start":{"line":80,"column":44},"end":{"line":80,"column":79}}],"line":80},"7":{"loc":{"start":{"line":94,"column":10},"end":{"line":115,"column":11}},"type":"if","locations":[{"start":{"line":94,"column":10},"end":{"line":115,"column":11}},{"start":{"line":97,"column":17},"end":{"line":115,"column":11}}],"line":94},"8":{"loc":{"start":{"line":107,"column":12},"end":{"line":107,"column":81}},"type":"if","locations":[{"start":{"line":107,"column":12},"end":{"line":107,"column":81}},{"start":{},"end":{}}],"line":107},"9":{"loc":{"start":{"line":109,"column":12},"end":{"line":113,"column":13}},"type":"if","locations":[{"start":{"line":109,"column":12},"end":{"line":113,"column":13}},{"start":{"line":111,"column":19},"end":{"line":113,"column":13}}],"line":109},"10":{"loc":{"start":{"line":109,"column":17},"end":{"line":109,"column":40}},"type":"binary-expr","locations":[{"start":{"line":109,"column":17},"end":{"line":109,"column":34}},{"start":{"line":109,"column":38},"end":{"line":109,"column":40}}],"line":109},"11":{"loc":{"start":{"line":150,"column":4},"end":{"line":150,"column":65}},"type":"if","locations":[{"start":{"line":150,"column":4},"end":{"line":150,"column":65}},{"start":{},"end":{}}],"line":150},"12":{"loc":{"start":{"line":151,"column":4},"end":{"line":151,"column":56}},"type":"if","locations":[{"start":{"line":151,"column":4},"end":{"line":151,"column":56}},{"start":{},"end":{}}],"line":151},"13":{"loc":{"start":{"line":153,"column":4},"end":{"line":158,"column":5}},"type":"if","locations":[{"start":{"line":153,"column":4},"end":{"line":158,"column":5}},{"start":{},"end":{}}],"line":153},"14":{"loc":{"start":{"line":156,"column":23},"end":{"line":156,"column":65}},"type":"cond-expr","locations":[{"start":{"line":156,"column":39},"end":{"line":156,"column":50}},{"start":{"line":156,"column":53},"end":{"line":156,"column":65}}],"line":156},"15":{"loc":{"start":{"line":165,"column":4},"end":{"line":168,"column":5}},"type":"if","locations":[{"start":{"line":165,"column":4},"end":{"line":168,"column":5}},{"start":{},"end":{}}],"line":165},"16":{"loc":{"start":{"line":167,"column":22},"end":{"line":167,"column":62}},"type":"binary-expr","locations":[{"start":{"line":167,"column":22},"end":{"line":167,"column":32}},{"start":{"line":167,"column":36},"end":{"line":167,"column":62}}],"line":167},"17":{"loc":{"start":{"line":174,"column":22},"end":{"line":174,"column":33}},"type":"default-arg","locations":[{"start":{"line":174,"column":32},"end":{"line":174,"column":33}}],"line":174},"18":{"loc":{"start":{"line":179,"column":6},"end":{"line":183,"column":7}},"type":"if","locations":[{"start":{"line":179,"column":6},"end":{"line":183,"column":7}},{"start":{},"end":{}}],"line":179},"19":{"loc":{"start":{"line":179,"column":10},"end":{"line":179,"column":60}},"type":"binary-expr","locations":[{"start":{"line":179,"column":10},"end":{"line":179,"column":23}},{"start":{"line":179,"column":27},"end":{"line":179,"column":60}}],"line":179},"20":{"loc":{"start":{"line":193,"column":6},"end":{"line":195,"column":7}},"type":"if","locations":[{"start":{"line":193,"column":6},"end":{"line":195,"column":7}},{"start":{},"end":{}}],"line":193},"21":{"loc":{"start":{"line":193,"column":10},"end":{"line":193,"column":79}},"type":"binary-expr","locations":[{"start":{"line":193,"column":10},"end":{"line":193,"column":23}},{"start":{"line":193,"column":27},"end":{"line":193,"column":60}},{"start":{"line":193,"column":64},"end":{"line":193,"column":79}}],"line":193},"22":{"loc":{"start":{"line":203,"column":4},"end":{"line":206,"column":5}},"type":"if","locations":[{"start":{"line":203,"column":4},"end":{"line":206,"column":5}},{"start":{},"end":{}}],"line":203},"23":{"loc":{"start":{"line":223,"column":27},"end":{"line":223,"column":59}},"type":"default-arg","locations":[{"start":{"line":223,"column":36},"end":{"line":223,"column":59}}],"line":223},"24":{"loc":{"start":{"line":227,"column":4},"end":{"line":229,"column":5}},"type":"if","locations":[{"start":{"line":227,"column":4},"end":{"line":229,"column":5}},{"start":{},"end":{}}],"line":227},"25":{"loc":{"start":{"line":234,"column":4},"end":{"line":238,"column":5}},"type":"if","locations":[{"start":{"line":234,"column":4},"end":{"line":238,"column":5}},{"start":{},"end":{}}],"line":234},"26":{"loc":{"start":{"line":246,"column":22},"end":{"line":246,"column":54}},"type":"default-arg","locations":[{"start":{"line":246,"column":31},"end":{"line":246,"column":54}}],"line":246},"27":{"loc":{"start":{"line":252,"column":6},"end":{"line":259,"column":7}},"type":"if","locations":[{"start":{"line":252,"column":6},"end":{"line":259,"column":7}},{"start":{},"end":{}}],"line":252},"28":{"loc":{"start":{"line":256,"column":8},"end":{"line":258,"column":9}},"type":"if","locations":[{"start":{"line":256,"column":8},"end":{"line":258,"column":9}},{"start":{},"end":{}}],"line":256},"29":{"loc":{"start":{"line":268,"column":4},"end":{"line":270,"column":5}},"type":"if","locations":[{"start":{"line":268,"column":4},"end":{"line":270,"column":5}},{"start":{},"end":{}}],"line":268}},"s":{"0":0,"1":0,"2":0,"3":0,"4":0,"5":0,"6":0,"7":0,"8":0,"9":0,"10":0,"11":0,"12":0,"13":0,"14":0,"15":0,"16":0,"17":0,"18":0,"19":0,"20":0,"21":0,"22":0,"23":0,"24":0,"25":0,"26":0,"27":0,"28":0,"29":0,"30":0,"31":0,"32":0,"33":0,"34":0,"35":0,"36":0,"37":0,"38":0,"39":0,"40":0,"41":0,"42":0,"43":0,"44":0,"45":0,"46":0,"47":0,"48":0,"49":0,"50":0,"51":0,"52":0,"53":0,"54":0,"55":0,"56":0,"57":0,"58":0,"59":0,"60":0,"61":0,"62":0,"63":0,"64":0,"65":0,"66":0,"67":0,"68":0,"69":0,"70":0,"71":0,"72":0,"73":0,"74":0,"75":0,"76":0,"77":0,"78":0,"79":0,"80":0,"81":0,"82":0,"83":0,"84":0,"85":0,"86":0,"87":0,"88":0,"89":0,"90":0,"91":0,"92":0,"93":0,"94":0,"95":0,"96":0,"97":0,"98":0,"99":0,"100":0,"101":0,"102":0,"103":0,"104":0,"105":0,"106":0,"107":0,"108":0,"109":0,"110":0,"111":0,"112":0,"113":0,"114":0,"115":0,"116":0,"117":0,"118":0,"119":0,"120":0,"121":0},"f":{"0":0,"1":0,"2":0,"3":0,"4":0,"5":0,"6":0,"7":0,"8":0,"9":0,"10":0,"11":0,"12":0,"13":0,"14":0,"15":0,"16":0,"17":0,"18":0,"19":0,"20":0,"21":0,"22":0,"23":0,"24":0,"25":0,"26":0,"27":0},"b":{"0":[0,0],"1":[0,0],"2":[0,0],"3":[0,0],"4":[0,0],"5":[0,0],"6":[0,0,0],"7":[0,0],"8":[0,0],"9":[0,0],"10":[0,0],"11":[0,0],"12":[0,0],"13":[0,0],"14":[0,0],"15":[0,0],"16":[0,0],"17":[0],"18":[0,0],"19":[0,0],"20":[0,0],"21":[0,0,0],"22":[0,0],"23":[0],"24":[0,0],"25":[0,0],"26":[0],"27":[0,0],"28":[0,0],"29":[0,0]}}
,"C:\\taller_api\\mobile_app\\src\\services\\sessionEvents.js": {"path":"C:\\taller_api\\mobile_app\\src\\services\\sessionEvents.js","statementMap":{"0":{"start":{"line":2,"column":18},"end":{"line":2,"column":20}},"1":{"start":{"line":4,"column":29},"end":{"line":15,"column":1}},"2":{"start":{"line":6,"column":4},"end":{"line":6,"column":29}},"3":{"start":{"line":7,"column":4},"end":{"line":10,"column":6}},"4":{"start":{"line":8,"column":18},"end":{"line":8,"column":45}},"5":{"start":{"line":9,"column":6},"end":{"line":9,"column":45}},"6":{"start":{"line":9,"column":20},"end":{"line":9,"column":45}},"7":{"start":{"line":13,"column":4},"end":{"line":13,"column":34}},"8":{"start":{"line":13,"column":28},"end":{"line":13,"column":32}}},"fnMap":{"0":{"name":"(anonymous_0)","decl":{"start":{"line":5,"column":2},"end":{"line":5,"column":3}},"loc":{"start":{"line":5,"column":29},"end":{"line":11,"column":3}},"line":5},"1":{"name":"(anonymous_1)","decl":{"start":{"line":7,"column":11},"end":{"line":7,"column":12}},"loc":{"start":{"line":7,"column":17},"end":{"line":10,"column":5}},"line":7},"2":{"name":"(anonymous_2)","decl":{"start":{"line":12,"column":2},"end":{"line":12,"column":3}},"loc":{"start":{"line":12,"column":23},"end":{"line":14,"column":3}},"line":12},"3":{"name":"(anonymous_3)","decl":{"start":{"line":13,"column":22},"end":{"line":13,"column":23}},"loc":{"start":{"line":13,"column":28},"end":{"line":13,"column":32}},"line":13}},"branchMap":{"0":{"loc":{"start":{"line":9,"column":6},"end":{"line":9,"column":45}},"type":"if","locations":[{"start":{"line":9,"column":6},"end":{"line":9,"column":45}},{"start":{},"end":{}}],"line":9}},"s":{"0":1,"1":1,"2":0,"3":0,"4":0,"5":0,"6":0,"7":0,"8":0},"f":{"0":0,"1":0,"2":0,"3":0},"b":{"0":[0,0]},"_coverageSchema":"1a1c01bbd47fc00a2c39e90264f33305004495a9","hash":"fd283f1cdf14792b934fba117fa1ee2a033d2622"}
}
