TN:
SF:src\api.js
FN:5,request
FN:19,(anonymous_1)
FN:22,(anonymous_2)
FN:35,(anonymous_3)
FN:37,(anonymous_4)
FN:40,(anonymous_5)
FN:42,(anonymous_6)
FN:44,(anonymous_7)
FN:46,(anonymous_8)
FN:48,(anonymous_9)
FN:50,(anonymous_10)
FN:56,(anonymous_11)
FN:76,(anonymous_12)
FN:82,(anonymous_13)
FN:88,(anonymous_14)
FN:104,(anonymous_15)
FN:110,(anonymous_16)
FN:116,(anonymous_17)
FN:119,(anonymous_18)
FN:121,(anonymous_19)
FN:131,(anonymous_20)
FN:133,(anonymous_21)
FN:139,(anonymous_22)
FN:142,(anonymous_23)
FN:148,(anonymous_24)
FN:154,(anonymous_25)
FN:161,(anonymous_26)
FN:167,(anonymous_27)
FN:169,(anonymous_28)
FN:171,(anonymous_29)
FN:173,(anonymous_30)
FN:184,(anonymous_31)
FN:186,(anonymous_32)
FN:192,(anonymous_33)
FN:202,(anonymous_34)
FN:212,(anonymous_35)
FN:228,(anonymous_36)
FN:234,(anonymous_37)
FN:245,(anonymous_38)
FN:248,(anonymous_39)
FN:255,(anonymous_40)
FN:276,(anonymous_41)
FN:282,(anonymous_42)
FNF:43
FNH:0
FNDA:0,request
FNDA:0,(anonymous_1)
FNDA:0,(anonymous_2)
FNDA:0,(anonymous_3)
FNDA:0,(anonymous_4)
FNDA:0,(anonymous_5)
FNDA:0,(anonymous_6)
FNDA:0,(anonymous_7)
FNDA:0,(anonymous_8)
FNDA:0,(anonymous_9)
FNDA:0,(anonymous_10)
FNDA:0,(anonymous_11)
FNDA:0,(anonymous_12)
FNDA:0,(anonymous_13)
FNDA:0,(anonymous_14)
FNDA:0,(anonymous_15)
FNDA:0,(anonymous_16)
FNDA:0,(anonymous_17)
FNDA:0,(anonymous_18)
FNDA:0,(anonymous_19)
FNDA:0,(anonymous_20)
FNDA:0,(anonymous_21)
FNDA:0,(anonymous_22)
FNDA:0,(anonymous_23)
FNDA:0,(anonymous_24)
FNDA:0,(anonymous_25)
FNDA:0,(anonymous_26)
FNDA:0,(anonymous_27)
FNDA:0,(anonymous_28)
FNDA:0,(anonymous_29)
FNDA:0,(anonymous_30)
FNDA:0,(anonymous_31)
FNDA:0,(anonymous_32)
FNDA:0,(anonymous_33)
FNDA:0,(anonymous_34)
FNDA:0,(anonymous_35)
FNDA:0,(anonymous_36)
FNDA:0,(anonymous_37)
FNDA:0,(anonymous_38)
FNDA:0,(anonymous_39)
FNDA:0,(anonymous_40)
FNDA:0,(anonymous_41)
FNDA:0,(anonymous_42)
DA:6,0
DA:7,0
DA:8,0
DA:10,0
DA:18,0
DA:19,0
DA:20,0
DA:21,0
DA:22,0
DA:26,0
DA:28,0
DA:30,0
DA:34,0
DA:35,0
DA:38,0
DA:40,0
DA:42,0
DA:44,0
DA:46,0
DA:48,0
DA:51,0
DA:57,0
DA:58,0
DA:59,0
DA:60,0
DA:61,0
DA:62,0
DA:63,0
DA:64,0
DA:65,0
DA:66,0
DA:68,0
DA:75,0
DA:76,0
DA:77,0
DA:79,0
DA:83,0
DA:89,0
DA:90,0
DA:91,0
DA:92,0
DA:94,0
DA:95,0
DA:96,0
DA:97,0
DA:99,0
DA:103,0
DA:104,0
DA:105,0
DA:107,0
DA:111,0
DA:117,0
DA:119,0
DA:122,0
DA:123,0
DA:127,0
DA:128,0
DA:131,0
DA:134,0
DA:140,0
DA:143,0
DA:149,0
DA:150,0
DA:151,0
DA:155,0
DA:156,0
DA:160,0
DA:161,0
DA:162,0
DA:164,0
DA:167,0
DA:169,0
DA:171,0
DA:174,0
DA:175,0
DA:183,0
DA:184,0
DA:185,0
DA:186,0
DA:187,0
DA:189,0
DA:193,0
DA:194,0
DA:198,0
DA:199,0
DA:203,0
DA:204,0
DA:208,0
DA:209,0
DA:213,0
DA:214,0
DA:215,0
DA:216,0
DA:217,0
DA:218,0
DA:219,0
DA:220,0
DA:227,0
DA:228,0
DA:229,0
DA:231,0
DA:235,0
DA:236,0
DA:244,0
DA:245,0
DA:246,0
DA:247,0
DA:248,0
DA:250,0
DA:252,0
DA:256,0
DA:257,0
DA:258,0
DA:259,0
DA:260,0
DA:261,0
DA:262,0
DA:263,0
DA:264,0
DA:265,0
DA:266,0
DA:268,0
DA:275,0
DA:276,0
DA:277,0
DA:279,0
DA:282,0
LF:127
LH:0
BRDA:5,0,0,0
BRDA:14,1,0,0
BRDA:14,1,1,0
BRDA:18,2,0,0
BRDA:18,2,1,0
BRDA:21,3,0,0
BRDA:21,3,1,0
BRDA:22,4,0,0
BRDA:22,4,1,0
BRDA:23,5,0,0
BRDA:23,5,1,0
BRDA:30,6,0,0
BRDA:30,6,1,0
BRDA:37,7,0,0
BRDA:38,8,0,0
BRDA:38,8,1,0
BRDA:56,9,0,0
BRDA:60,10,0,0
BRDA:60,10,1,0
BRDA:61,11,0,0
BRDA:61,11,1,0
BRDA:62,12,0,0
BRDA:62,12,1,0
BRDA:65,13,0,0
BRDA:65,13,1,0
BRDA:75,14,0,0
BRDA:75,14,1,0
BRDA:77,15,0,0
BRDA:77,15,1,0
BRDA:88,16,0,0
BRDA:88,17,0,0
BRDA:92,18,0,0
BRDA:92,18,1,0
BRDA:97,19,0,0
BRDA:97,19,1,0
BRDA:103,20,0,0
BRDA:103,20,1,0
BRDA:105,21,0,0
BRDA:105,21,1,0
BRDA:127,22,0,0
BRDA:127,22,1,0
BRDA:150,23,0,0
BRDA:150,23,1,0
BRDA:160,24,0,0
BRDA:160,24,1,0
BRDA:162,25,0,0
BRDA:162,25,1,0
BRDA:183,26,0,0
BRDA:183,26,1,0
BRDA:186,27,0,0
BRDA:186,27,1,0
BRDA:186,28,0,0
BRDA:186,28,1,0
BRDA:186,29,0,0
BRDA:186,29,1,0
BRDA:198,30,0,0
BRDA:198,30,1,0
BRDA:208,31,0,0
BRDA:208,31,1,0
BRDA:214,32,0,0
BRDA:214,32,1,0
BRDA:215,33,0,0
BRDA:215,33,1,0
BRDA:216,34,0,0
BRDA:216,34,1,0
BRDA:217,35,0,0
BRDA:217,35,1,0
BRDA:227,36,0,0
BRDA:227,36,1,0
BRDA:229,37,0,0
BRDA:229,37,1,0
BRDA:244,38,0,0
BRDA:244,38,1,0
BRDA:247,39,0,0
BRDA:247,39,1,0
BRDA:248,40,0,0
BRDA:248,40,1,0
BRDA:249,41,0,0
BRDA:249,41,1,0
BRDA:255,42,0,0
BRDA:260,43,0,0
BRDA:260,43,1,0
BRDA:261,44,0,0
BRDA:261,44,1,0
BRDA:262,45,0,0
BRDA:262,45,1,0
BRDA:265,46,0,0
BRDA:265,46,1,0
BRDA:275,47,0,0
BRDA:275,47,1,0
BRDA:277,48,0,0
BRDA:277,48,1,0
BRDA:282,49,0,0
BRDA:282,49,1,0
BRF:94
BRH:0
end_of_record
TN:
SF:src\config.js
FN:9,getServerIp
FN:18,getAdminPassword
FN:27,saveServerIp
FN:35,saveAdminPassword
FN:39,getIpsGuardadas
FN:48,eliminarIp
FN:50,(anonymous_6)
FN:58,probarHost
FN:61,(anonymous_8)
FN:80,detectarIpActiva
FN:86,(anonymous_10)
FN:107,(anonymous_11)
FN:121,getApiBaseUrl
FN:126,getAuthBaseUrl
FN:131,getPdfBaseUrl
FNF:15
FNH:0
FNDA:0,getServerIp
FNDA:0,getAdminPassword
FNDA:0,saveServerIp
FNDA:0,saveAdminPassword
FNDA:0,getIpsGuardadas
FNDA:0,eliminarIp
FNDA:0,(anonymous_6)
FNDA:0,probarHost
FNDA:0,(anonymous_8)
FNDA:0,detectarIpActiva
FNDA:0,(anonymous_10)
FNDA:0,(anonymous_11)
FNDA:0,getApiBaseUrl
FNDA:0,getAuthBaseUrl
FNDA:0,getPdfBaseUrl
DA:3,0
DA:5,0
DA:6,0
DA:7,0
DA:10,0
DA:11,0
DA:12,0
DA:14,0
DA:19,0
DA:20,0
DA:21,0
DA:23,0
DA:28,0
DA:29,0
DA:30,0
DA:31,0
DA:36,0
DA:40,0
DA:41,0
DA:42,0
DA:44,0
DA:49,0
DA:50,0
DA:51,0
DA:52,0
DA:53,0
DA:54,0
DA:59,0
DA:60,0
DA:61,0
DA:62,0
DA:63,0
DA:67,0
DA:68,0
DA:70,0
DA:71,0
DA:81,0
DA:84,0
DA:85,0
DA:86,0
DA:87,0
DA:88,0
DA:89,0
DA:90,0
DA:96,0
DA:97,0
DA:98,0
DA:99,0
DA:100,0
DA:104,0
DA:105,0
DA:106,0
DA:107,0
DA:108,0
DA:109,0
DA:110,0
DA:111,0
DA:112,0
DA:113,0
DA:118,0
DA:122,0
DA:123,0
DA:127,0
DA:128,0
DA:132,0
DA:133,0
LF:66
LH:0
BRDA:12,0,0,0
BRDA:12,0,1,0
BRDA:21,1,0,0
BRDA:21,1,1,0
BRDA:30,2,0,0
BRDA:30,2,1,0
BRDA:42,3,0,0
BRDA:42,3,1,0
BRDA:53,4,0,0
BRDA:53,4,1,0
BRDA:54,5,0,0
BRDA:54,5,1,0
BRDA:59,6,0,0
BRDA:59,6,1,0
BRDA:68,7,0,0
BRDA:68,7,1,0
BRDA:81,8,0,0
BRDA:81,8,1,0
BRDA:85,9,0,0
BRDA:85,9,1,0
BRDA:88,10,0,0
BRDA:88,10,1,0
BRDA:88,11,0,0
BRDA:88,11,1,0
BRDA:109,12,0,0
BRDA:109,12,1,0
BRDA:109,13,0,0
BRDA:109,13,1,0
BRF:28
BRH:0
end_of_record
TN:
SF:src\theme.js
FNF:0
FNH:0
DA:1,0
DA:25,0
LF:2
LH:0
BRF:0
BRH:0
end_of_record
TN:
SF:src\components\Toast.js
FN:14,ToastProvider
FN:18,(anonymous_1)
FN:22,(anonymous_2)
FN:23,(anonymous_3)
FN:24,(anonymous_4)
FN:24,(anonymous_5)
FN:28,(anonymous_6)
FN:29,(anonymous_7)
FN:29,(anonymous_8)
FN:39,(anonymous_9)
FN:40,(anonymous_10)
FN:46,ToastItem
FN:50,(anonymous_12)
FN:79,useToast
FNF:14
FNH:0
FNDA:0,ToastProvider
FNDA:0,(anonymous_1)
FNDA:0,(anonymous_2)
FNDA:0,(anonymous_3)
FNDA:0,(anonymous_4)
FNDA:0,(anonymous_5)
FNDA:0,(anonymous_6)
FNDA:0,(anonymous_7)
FNDA:0,(anonymous_8)
FNDA:0,(anonymous_9)
FNDA:0,(anonymous_10)
FNDA:0,ToastItem
FNDA:0,(anonymous_12)
FNDA:0,useToast
DA:4,0
DA:6,0
DA:7,0
DA:15,0
DA:16,0
DA:18,0
DA:19,0
DA:20,0
DA:21,0
DA:22,0
DA:23,0
DA:24,0
DA:28,0
DA:29,0
DA:32,0
DA:40,0
DA:47,0
DA:48,0
DA:50,0
DA:51,0
DA:54,0
DA:80,0
DA:81,0
DA:82,0
DA:85,0
LF:25
LH:0
BRDA:19,0,0,0
BRDA:19,0,1,0
BRDA:20,1,0,0
BRDA:20,1,1,0
BRDA:48,2,0,0
BRDA:48,2,1,0
BRDA:81,3,0,0
BRDA:81,3,1,0
BRF:8
BRH:0
end_of_record
TN:
SF:src\hooks\useOffline.js
FN:8,useOffline
FN:15,(anonymous_1)
FN:20,(anonymous_2)
FNF:3
FNH:0
FNDA:0,useOffline
FNDA:0,(anonymous_1)
FNDA:0,(anonymous_2)
DA:9,0
DA:15,0
DA:17,0
DA:20,0
DA:21,0
DA:24,0
DA:27,0
LF:7
LH:0
BRF:0
BRH:0
end_of_record
TN:
SF:src\screens\AddCompraScreen.js
FN:13,AddCompraScreen
FN:24,(anonymous_1)
FN:25,(anonymous_2)
FN:25,(anonymous_3)
FN:28,(anonymous_4)
FN:41,(anonymous_5)
FN:51,(anonymous_6)
FN:115,(anonymous_7)
FN:128,(anonymous_8)
FN:133,(anonymous_9)
FN:133,(anonymous_10)
FN:173,(anonymous_11)
FN:194,(anonymous_12)
FNF:13
FNH:0
FNDA:0,AddCompraScreen
FNDA:0,(anonymous_1)
FNDA:0,(anonymous_2)
FNDA:0,(anonymous_3)
FNDA:0,(anonymous_4)
FNDA:0,(anonymous_5)
FNDA:0,(anonymous_6)
FNDA:0,(anonymous_7)
FNDA:0,(anonymous_8)
FNDA:0,(anonymous_9)
FNDA:0,(anonymous_10)
FNDA:0,(anonymous_11)
FNDA:0,(anonymous_12)
DA:14,0
DA:15,0
DA:16,0
DA:17,0
DA:18,0
DA:19,0
DA:20,0
DA:21,0
DA:22,0
DA:24,0
DA:25,0
DA:28,0
DA:29,0
DA:30,0
DA:31,0
DA:32,0
DA:34,0
DA:38,0
DA:41,0
DA:42,0
DA:43,0
DA:44,0
DA:45,0
DA:47,0
DA:48,0
DA:51,0
DA:52,0
DA:53,0
DA:54,0
DA:56,0
DA:57,0
DA:58,0
DA:59,0
DA:61,0
DA:62,0
DA:63,0
DA:64,0
DA:65,0
DA:66,0
DA:67,0
DA:68,0
DA:69,0
DA:70,0
DA:71,0
DA:72,0
DA:75,0
DA:82,0
DA:84,0
DA:86,0
DA:90,0
DA:116,0
DA:117,0
DA:128,0
DA:133,0
DA:134,0
DA:173,0
DA:194,0
DA:202,0
LF:58
LH:0
BRDA:30,0,0,0
BRDA:30,0,1,0
BRDA:38,1,0,0
BRDA:38,1,1,0
BRDA:43,2,0,0
BRDA:43,2,1,0
BRDA:48,3,0,0
BRDA:48,3,1,0
BRDA:52,4,0,0
BRDA:52,4,1,0
BRDA:57,5,0,0
BRDA:57,5,1,0
BRDA:57,6,0,0
BRDA:57,6,1,0
BRDA:66,7,0,0
BRDA:66,7,1,0
BRDA:67,8,0,0
BRDA:67,8,1,0
BRDA:68,9,0,0
BRDA:68,9,1,0
BRDA:71,10,0,0
BRDA:71,10,1,0
BRDA:78,11,0,0
BRDA:78,11,1,0
BRDA:79,12,0,0
BRDA:79,12,1,0
BRDA:80,13,0,0
BRDA:80,13,1,0
BRDA:114,14,0,0
BRDA:114,14,1,0
BRDA:124,15,0,0
BRDA:124,15,1,0
BRDA:170,16,0,0
BRDA:170,16,1,0
BRDA:184,17,0,0
BRDA:184,17,1,0
BRDA:188,18,0,0
BRDA:188,18,1,0
BRF:38
BRH:0
end_of_record
TN:
SF:src\screens\AddFotoScreen.js
FN:14,AddFotoScreen
FN:22,(anonymous_1)
FN:37,(anonymous_2)
FN:49,(anonymous_3)
FN:77,(anonymous_4)
FN:81,(anonymous_5)
FN:102,(anonymous_6)
FN:134,(anonymous_7)
FNF:8
FNH:0
FNDA:0,AddFotoScreen
FNDA:0,(anonymous_1)
FNDA:0,(anonymous_2)
FNDA:0,(anonymous_3)
FNDA:0,(anonymous_4)
FNDA:0,(anonymous_5)
FNDA:0,(anonymous_6)
FNDA:0,(anonymous_7)
DA:12,0
DA:15,0
DA:16,0
DA:17,0
DA:18,0
DA:19,0
DA:20,0
DA:22,0
DA:23,0
DA:24,0
DA:25,0
DA:26,0
DA:28,0
DA:32,0
DA:33,0
DA:37,0
DA:38,0
DA:39,0
DA:40,0
DA:41,0
DA:43,0
DA:44,0
DA:45,0
DA:49,0
DA:50,0
DA:51,0
DA:52,0
DA:54,0
DA:55,0
DA:56,0
DA:57,0
DA:59,0
DA:61,0
DA:65,0
DA:78,0
DA:81,0
DA:102,0
DA:134,0
DA:142,0
LF:39
LH:0
BRDA:24,0,0,0
BRDA:24,0,1,0
BRDA:32,1,0,0
BRDA:32,1,1,0
BRDA:39,2,0,0
BRDA:39,2,1,0
BRDA:44,3,0,0
BRDA:44,3,1,0
BRDA:50,4,0,0
BRDA:50,4,1,0
BRDA:56,5,0,0
BRDA:56,5,1,0
BRDA:80,6,0,0
BRDA:80,6,1,0
BRDA:83,7,0,0
BRDA:83,7,1,0
BRDA:99,8,0,0
BRDA:99,8,1,0
BRDA:108,9,0,0
BRDA:108,9,1,0
BRDA:124,10,0,0
BRDA:124,10,1,0
BRDA:124,10,2,0
BRDA:126,11,0,0
BRDA:126,11,1,0
BRDA:128,12,0,0
BRDA:128,12,1,0
BRF:27
BRH:0
end_of_record
TN:
SF:src\screens\AddProcesoScreen.js
FN:29,AddProcesoScreen
FN:41,(anonymous_1)
FN:42,(anonymous_2)
FN:42,(anonymous_3)
FN:43,(anonymous_4)
FN:45,(anonymous_5)
FN:48,(anonymous_6)
FN:55,(anonymous_7)
FN:62,(anonymous_8)
FN:113,(anonymous_9)
FN:117,(anonymous_10)
FN:145,(anonymous_11)
FN:156,(anonymous_12)
FN:161,(anonymous_13)
FN:161,(anonymous_14)
FN:201,(anonymous_15)
FNF:16
FNH:0
FNDA:0,AddProcesoScreen
FNDA:0,(anonymous_1)
FNDA:0,(anonymous_2)
FNDA:0,(anonymous_3)
FNDA:0,(anonymous_4)
FNDA:0,(anonymous_5)
FNDA:0,(anonymous_6)
FNDA:0,(anonymous_7)
FNDA:0,(anonymous_8)
FNDA:0,(anonymous_9)
FNDA:0,(anonymous_10)
FNDA:0,(anonymous_11)
FNDA:0,(anonymous_12)
FNDA:0,(anonymous_13)
FNDA:0,(anonymous_14)
FNDA:0,(anonymous_15)
DA:16,0
DA:30,0
DA:31,0
DA:32,0
DA:33,0
DA:34,0
DA:35,0
DA:36,0
DA:37,0
DA:38,0
DA:39,0
DA:41,0
DA:42,0
DA:43,0
DA:44,0
DA:48,0
DA:49,0
DA:50,0
DA:51,0
DA:52,0
DA:55,0
DA:56,0
DA:57,0
DA:58,0
DA:59,0
DA:62,0
DA:63,0
DA:64,0
DA:65,0
DA:67,0
DA:68,0
DA:70,0
DA:71,0
DA:83,0
DA:84,0
DA:85,0
DA:88,0
DA:93,0
DA:95,0
DA:97,0
DA:101,0
DA:114,0
DA:117,0
DA:145,0
DA:156,0
DA:161,0
DA:162,0
DA:201,0
DA:209,0
LF:49
LH:0
BRDA:44,0,0,0
BRDA:44,0,1,0
BRDA:44,1,0,0
BRDA:44,1,1,0
BRDA:50,2,0,0
BRDA:50,2,1,0
BRDA:52,3,0,0
BRDA:52,3,1,0
BRDA:57,4,0,0
BRDA:57,4,1,0
BRDA:59,5,0,0
BRDA:59,5,1,0
BRDA:63,6,0,0
BRDA:63,6,1,0
BRDA:70,7,0,0
BRDA:70,7,1,0
BRDA:72,8,0,0
BRDA:72,8,1,0
BRDA:78,9,0,0
BRDA:78,9,1,0
BRDA:79,10,0,0
BRDA:79,10,1,0
BRDA:80,11,0,0
BRDA:80,11,1,0
BRDA:90,12,0,0
BRDA:90,12,1,0
BRDA:91,13,0,0
BRDA:91,13,1,0
BRDA:116,14,0,0
BRDA:116,14,1,0
BRDA:119,15,0,0
BRDA:119,15,1,0
BRDA:142,16,0,0
BRDA:142,16,1,0
BRDA:152,17,0,0
BRDA:152,17,1,0
BRDA:189,18,0,0
BRDA:189,18,1,0
BRDA:193,19,0,0
BRDA:193,19,1,0
BRDA:196,20,0,0
BRDA:196,20,1,0
BRF:42
BRH:0
end_of_record
TN:
SF:src\screens\AddRepuestoScreen.js
FN:15,AddRepuestoScreen
FN:32,(anonymous_1)
FN:33,(anonymous_2)
FN:36,(anonymous_3)
FN:43,(anonymous_4)
FN:50,(anonymous_5)
FN:55,(anonymous_6)
FN:70,(anonymous_7)
FN:71,(anonymous_8)
FN:133,(anonymous_9)
FN:143,(anonymous_10)
FN:176,(anonymous_11)
FN:190,(anonymous_12)
FN:190,(anonymous_13)
FN:229,(anonymous_14)
FN:249,(anonymous_15)
FNF:16
FNH:0
FNDA:0,AddRepuestoScreen
FNDA:0,(anonymous_1)
FNDA:0,(anonymous_2)
FNDA:0,(anonymous_3)
FNDA:0,(anonymous_4)
FNDA:0,(anonymous_5)
FNDA:0,(anonymous_6)
FNDA:0,(anonymous_7)
FNDA:0,(anonymous_8)
FNDA:0,(anonymous_9)
FNDA:0,(anonymous_10)
FNDA:0,(anonymous_11)
FNDA:0,(anonymous_12)
FNDA:0,(anonymous_13)
FNDA:0,(anonymous_14)
FNDA:0,(anonymous_15)
DA:13,0
DA:16,0
DA:17,0
DA:19,0
DA:20,0
DA:21,0
DA:23,0
DA:24,0
DA:25,0
DA:26,0
DA:27,0
DA:28,0
DA:30,0
DA:32,0
DA:33,0
DA:36,0
DA:37,0
DA:38,0
DA:39,0
DA:40,0
DA:43,0
DA:44,0
DA:45,0
DA:46,0
DA:47,0
DA:50,0
DA:51,0
DA:52,0
DA:55,0
DA:56,0
DA:57,0
DA:58,0
DA:59,0
DA:60,0
DA:61,0
DA:64,0
DA:65,0
DA:67,0
DA:68,0
DA:69,0
DA:70,0
DA:71,0
DA:73,0
DA:74,0
DA:75,0
DA:76,0
DA:77,0
DA:78,0
DA:83,0
DA:84,0
DA:85,0
DA:89,0
DA:96,0
DA:97,0
DA:105,0
DA:107,0
DA:109,0
DA:113,0
DA:133,0
DA:143,0
DA:176,0
DA:190,0
DA:191,0
DA:229,0
DA:249,0
DA:257,0
LF:66
LH:0
BRDA:38,0,0,0
BRDA:38,0,1,0
BRDA:40,1,0,0
BRDA:40,1,1,0
BRDA:45,2,0,0
BRDA:45,2,1,0
BRDA:47,3,0,0
BRDA:47,3,1,0
BRDA:51,4,0,0
BRDA:51,4,1,0
BRDA:56,5,0,0
BRDA:56,5,1,0
BRDA:58,6,0,0
BRDA:58,6,1,0
BRDA:58,7,0,0
BRDA:58,7,1,0
BRDA:59,8,0,0
BRDA:59,8,1,0
BRDA:61,9,0,0
BRDA:61,9,1,0
BRDA:61,10,0,0
BRDA:61,10,1,0
BRDA:68,11,0,0
BRDA:68,11,1,0
BRDA:75,12,0,0
BRDA:75,12,1,0
BRDA:83,13,0,0
BRDA:83,13,1,0
BRDA:92,14,0,0
BRDA:92,14,1,0
BRDA:96,15,0,0
BRDA:96,15,1,0
BRDA:100,16,0,0
BRDA:100,16,1,0
BRDA:101,17,0,0
BRDA:101,17,1,0
BRDA:164,18,0,0
BRDA:164,18,1,0
BRDA:168,19,0,0
BRDA:168,19,1,0
BRDA:175,20,0,0
BRDA:175,20,1,0
BRDA:181,21,0,0
BRDA:181,21,1,0
BRDA:226,22,0,0
BRDA:226,22,1,0
BRDA:242,23,0,0
BRDA:242,23,1,0
BRDA:246,24,0,0
BRDA:246,24,1,0
BRF:50
BRH:0
end_of_record
TN:
SF:src\screens\AdminEconomiaScreen.js
FN:13,(anonymous_0)
FN:22,hoyISO
FN:26,sumarDias
FN:32,formatoVisible
FN:37,AdminEconomiaScreen
FN:47,(anonymous_5)
FN:59,(anonymous_6)
FN:61,(anonymous_7)
FN:63,(anonymous_8)
FN:69,(anonymous_9)
FN:80,(anonymous_10)
FN:125,(anonymous_11)
FN:128,(anonymous_12)
FN:132,(anonymous_13)
FN:197,(anonymous_14)
FN:232,BarRow
FN:245,DesgloseRow
FNF:17
FNH:0
FNDA:0,(anonymous_0)
FNDA:0,hoyISO
FNDA:0,sumarDias
FNDA:0,formatoVisible
FNDA:0,AdminEconomiaScreen
FNDA:0,(anonymous_5)
FNDA:0,(anonymous_6)
FNDA:0,(anonymous_7)
FNDA:0,(anonymous_8)
FNDA:0,(anonymous_9)
FNDA:0,(anonymous_10)
FNDA:0,(anonymous_11)
FNDA:0,(anonymous_12)
FNDA:0,(anonymous_13)
FNDA:0,(anonymous_14)
FNDA:0,BarRow
FNDA:0,DesgloseRow
DA:13,0
DA:15,0
DA:23,0
DA:27,0
DA:28,0
DA:29,0
DA:33,0
DA:34,0
DA:38,0
DA:39,0
DA:40,0
DA:41,0
DA:42,0
DA:43,0
DA:44,0
DA:45,0
DA:47,0
DA:48,0
DA:49,0
DA:50,0
DA:52,0
DA:54,0
DA:55,0
DA:59,0
DA:61,0
DA:63,0
DA:64,0
DA:65,0
DA:66,0
DA:69,0
DA:70,0
DA:71,0
DA:72,0
DA:73,0
DA:74,0
DA:75,0
DA:80,0
DA:81,0
DA:82,0
DA:83,0
DA:84,0
DA:85,0
DA:86,0
DA:88,0
DA:92,0
DA:93,0
DA:94,0
DA:95,0
DA:100,0
DA:103,0
DA:106,0
DA:108,0
DA:112,0
DA:113,0
DA:115,0
DA:116,0
DA:117,0
DA:118,0
DA:120,0
DA:125,0
DA:128,0
DA:132,0
DA:198,0
DA:199,0
DA:233,0
DA:234,0
DA:246,0
DA:254,0
LF:68
LH:0
BRDA:13,0,0,0
BRDA:13,0,1,0
BRDA:71,1,0,0
BRDA:71,1,1,0
BRDA:73,2,0,0
BRDA:73,2,1,0
BRDA:92,3,0,0
BRDA:92,3,1,0
BRDA:94,4,0,0
BRDA:94,4,1,0
BRDA:112,5,0,0
BRDA:112,5,1,0
BRDA:113,6,0,0
BRDA:113,6,1,0
BRDA:115,7,0,0
BRDA:115,7,1,0
BRDA:116,8,0,0
BRDA:116,8,1,0
BRDA:117,9,0,0
BRDA:117,9,1,0
BRDA:130,10,0,0
BRDA:130,10,1,0
BRDA:133,11,0,0
BRDA:133,11,1,0
BRDA:137,12,0,0
BRDA:137,12,1,0
BRDA:141,13,0,0
BRDA:141,13,1,0
BRDA:149,14,0,0
BRDA:149,14,1,0
BRDA:151,15,0,0
BRDA:151,15,1,0
BRDA:172,16,0,0
BRDA:172,16,1,0
BRDA:184,17,0,0
BRDA:184,17,1,0
BRDA:194,18,0,0
BRDA:194,18,1,0
BRDA:198,19,0,0
BRDA:198,19,1,0
BRDA:204,20,0,0
BRDA:204,20,1,0
BRDA:207,21,0,0
BRDA:207,21,1,0
BRDA:215,22,0,0
BRDA:215,22,1,0
BRDA:221,23,0,0
BRDA:221,23,1,0
BRDA:225,24,0,0
BRDA:225,24,1,0
BRF:50
BRH:0
end_of_record
TN:
SF:src\screens\CobroRapidoScreen.js
FN:13,CobroRapidoScreen
FN:23,(anonymous_1)
FN:60,(anonymous_2)
FN:81,(anonymous_3)
FN:93,(anonymous_4)
FN:110,(anonymous_5)
FNF:6
FNH:0
FNDA:0,CobroRapidoScreen
FNDA:0,(anonymous_1)
FNDA:0,(anonymous_2)
FNDA:0,(anonymous_3)
FNDA:0,(anonymous_4)
FNDA:0,(anonymous_5)
DA:11,0
DA:14,0
DA:15,0
DA:17,0
DA:18,0
DA:19,0
DA:20,0
DA:21,0
DA:23,0
DA:24,0
DA:25,0
DA:26,0
DA:27,0
DA:29,0
DA:30,0
DA:31,0
DA:37,0
DA:38,0
DA:40,0
DA:42,0
DA:46,0
DA:60,0
DA:81,0
DA:94,0
DA:110,0
DA:118,0
LF:26
LH:0
BRDA:14,0,0,0
BRDA:14,1,0,0
BRDA:14,1,1,0
BRDA:24,2,0,0
BRDA:24,2,1,0
BRDA:25,3,0,0
BRDA:25,3,1,0
BRDA:27,4,0,0
BRDA:27,4,1,0
BRDA:27,5,0,0
BRDA:27,5,1,0
BRDA:80,6,0,0
BRDA:80,6,1,0
BRDA:100,7,0,0
BRDA:100,7,1,0
BRDA:104,8,0,0
BRDA:104,8,1,0
BRF:17
BRH:0
end_of_record
TN:
SF:src\screens\ConfiguracionScreen.js
FN:6,ConfiguracionScreen
FN:14,(anonymous_1)
FN:16,(anonymous_2)
FN:23,(anonymous_3)
FN:32,(anonymous_4)
FN:42,(anonymous_5)
FN:44,(anonymous_6)
FN:47,(anonymous_7)
FN:51,(anonymous_8)
FN:54,(anonymous_9)
FN:75,(anonymous_10)
FN:77,(anonymous_11)
FN:81,(anonymous_12)
FNF:13
FNH:0
FNDA:0,ConfiguracionScreen
FNDA:0,(anonymous_1)
FNDA:0,(anonymous_2)
FNDA:0,(anonymous_3)
FNDA:0,(anonymous_4)
FNDA:0,(anonymous_5)
FNDA:0,(anonymous_6)
FNDA:0,(anonymous_7)
FNDA:0,(anonymous_8)
FNDA:0,(anonymous_9)
FNDA:0,(anonymous_10)
FNDA:0,(anonymous_11)
FNDA:0,(anonymous_12)
DA:7,0
DA:8,0
DA:9,0
DA:10,0
DA:11,0
DA:12,0
DA:14,0
DA:16,0
DA:17,0
DA:20,0
DA:23,0
DA:24,0
DA:25,0
DA:26,0
DA:27,0
DA:28,0
DA:29,0
DA:32,0
DA:33,0
DA:34,0
DA:35,0
DA:36,0
DA:37,0
DA:38,0
DA:39,0
DA:42,0
DA:44,0
DA:45,0
DA:47,0
DA:51,0
DA:52,0
DA:54,0
DA:58,0
DA:76,0
DA:77,0
DA:81,0
DA:100,0
LF:37
LH:0
BRDA:12,0,0,0
BRDA:12,0,1,0
BRDA:24,1,0,0
BRDA:24,1,1,0
BRDA:29,2,0,0
BRDA:29,2,1,0
BRDA:36,3,0,0
BRDA:36,3,1,0
BRDA:69,4,0,0
BRDA:69,4,1,0
BRDA:72,5,0,0
BRDA:72,5,1,0
BRDA:79,6,0,0
BRDA:79,6,1,0
BRDA:88,7,0,0
BRDA:88,7,1,0
BRF:16
BRH:0
end_of_record
TN:
SF:src\screens\HomeAdminScreen.js
FN:12,HomeAdminScreen
FN:13,(anonymous_1)
FN:25,(anonymous_2)
FN:29,(anonymous_3)
FNF:4
FNH:0
FNDA:0,HomeAdminScreen
FNDA:0,(anonymous_1)
FNDA:0,(anonymous_2)
FNDA:0,(anonymous_3)
DA:6,0
DA:13,0
DA:14,0
DA:15,0
DA:18,0
DA:26,0
DA:29,0
DA:43,0
LF:8
LH:0
BRDA:29,0,0,0
BRDA:29,0,1,0
BRF:2
BRH:0
end_of_record
TN:
SF:src\screens\HomeScreen.js
FN:18,HomeScreen
FN:26,(anonymous_1)
FN:37,(anonymous_2)
FN:55,(anonymous_3)
FN:57,(anonymous_4)
FN:103,(anonymous_5)
FN:109,(anonymous_6)
FN:115,(anonymous_7)
FN:121,(anonymous_8)
FN:130,(anonymous_9)
FN:136,(anonymous_10)
FN:140,(anonymous_11)
FN:151,KpiCard
FNF:13
FNH:0
FNDA:0,HomeScreen
FNDA:0,(anonymous_1)
FNDA:0,(anonymous_2)
FNDA:0,(anonymous_3)
FNDA:0,(anonymous_4)
FNDA:0,(anonymous_5)
FNDA:0,(anonymous_6)
FNDA:0,(anonymous_7)
FNDA:0,(anonymous_8)
FNDA:0,(anonymous_9)
FNDA:0,(anonymous_10)
FNDA:0,(anonymous_11)
FNDA:0,KpiCard
DA:11,0
DA:19,0
DA:20,0
DA:21,0
DA:22,0
DA:23,0
DA:26,0
DA:27,0
DA:28,0
DA:30,0
DA:31,0
DA:32,0
DA:33,0
DA:34,0
DA:37,0
DA:38,0
DA:39,0
DA:40,0
DA:44,0
DA:45,0
DA:46,0
DA:48,0
DA:50,0
DA:51,0
DA:55,0
DA:57,0
DA:59,0
DA:60,0
DA:68,0
DA:69,0
DA:81,0
DA:103,0
DA:109,0
DA:115,0
DA:121,0
DA:130,0
DA:137,0
DA:140,0
DA:152,0
DA:160,0
LF:40
LH:0
BRDA:28,0,0,0
BRDA:28,0,1,0
BRDA:28,1,0,0
BRDA:28,1,1,0
BRDA:31,2,0,0
BRDA:31,2,1,0
BRDA:32,3,0,0
BRDA:32,3,1,0
BRDA:33,4,0,0
BRDA:33,4,1,0
BRDA:59,5,0,0
BRDA:59,5,1,0
BRDA:68,6,0,0
BRDA:68,6,1,0
BRDA:101,7,0,0
BRDA:101,7,1,0
BRDA:107,8,0,0
BRDA:107,8,1,0
BRDA:113,9,0,0
BRDA:113,9,1,0
BRDA:119,10,0,0
BRDA:119,10,1,0
BRDA:154,11,0,0
BRDA:154,11,1,0
BRF:24
BRH:0
end_of_record
TN:
SF:src\screens\LoginScreen.js
FN:14,LoginScreen
FN:24,(anonymous_1)
FN:32,(anonymous_2)
FN:48,(anonymous_3)
FN:53,(anonymous_4)
FN:58,(anonymous_5)
FN:94,(anonymous_6)
FN:116,(anonymous_7)
FN:147,(anonymous_8)
FN:147,(anonymous_9)
FN:156,(anonymous_10)
FNF:11
FNH:0
FNDA:0,LoginScreen
FNDA:0,(anonymous_1)
FNDA:0,(anonymous_2)
FNDA:0,(anonymous_3)
FNDA:0,(anonymous_4)
FNDA:0,(anonymous_5)
FNDA:0,(anonymous_6)
FNDA:0,(anonymous_7)
FNDA:0,(anonymous_8)
FNDA:0,(anonymous_9)
FNDA:0,(anonymous_10)
DA:11,0
DA:12,0
DA:15,0
DA:16,0
DA:17,0
DA:18,0
DA:19,0
DA:20,0
DA:21,0
DA:22,0
DA:24,0
DA:25,0
DA:26,0
DA:27,0
DA:28,0
DA:32,0
DA:33,0
DA:34,0
DA:39,0
DA:40,0
DA:41,0
DA:44,0
DA:48,0
DA:49,0
DA:50,0
DA:53,0
DA:54,0
DA:55,0
DA:58,0
DA:59,0
DA:60,0
DA:61,0
DA:63,0
DA:64,0
DA:65,0
DA:67,0
DA:68,0
DA:73,0
DA:79,0
DA:80,0
DA:81,0
DA:82,0
DA:84,0
DA:86,0
DA:90,0
DA:94,0
DA:116,0
DA:147,0
DA:156,0
DA:175,0
LF:50
LH:0
BRDA:27,0,0,0
BRDA:27,0,1,0
BRDA:39,1,0,0
BRDA:39,1,1,0
BRDA:39,2,0,0
BRDA:39,2,1,0
BRDA:59,3,0,0
BRDA:59,3,1,0
BRDA:59,4,0,0
BRDA:59,4,1,0
BRDA:67,5,0,0
BRDA:67,5,1,0
BRDA:80,6,0,0
BRDA:80,6,1,0
BRDA:81,7,0,0
BRDA:81,7,1,0
BRDA:81,8,0,0
BRDA:81,8,1,0
BRDA:84,9,0,0
BRDA:84,9,1,0
BRDA:93,10,0,0
BRDA:93,10,1,0
BRDA:108,11,0,0
BRDA:108,11,1,0
BRDA:115,12,0,0
BRDA:115,12,1,0
BRDA:115,12,2,0
BRDA:148,13,0,0
BRDA:148,13,1,0
BRDA:152,14,0,0
BRDA:152,14,1,0
BRDA:159,15,0,0
BRDA:159,15,1,0
BRDA:160,16,0,0
BRDA:160,16,1,0
BRDA:165,17,0,0
BRDA:165,17,1,0
BRDA:166,18,0,0
BRDA:166,18,1,0
BRF:39
BRH:0
end_of_record
TN:
SF:src\screens\TicketDetailScreen.js
FN:26,TicketDetailScreen
FN:41,(anonymous_1)
FN:64,(anonymous_2)
FN:66,(anonymous_3)
FN:77,(anonymous_4)
FN:146,(anonymous_5)
FN:150,(anonymous_6)
FN:160,(anonymous_7)
FN:164,(anonymous_8)
FN:183,(anonymous_9)
FN:197,(anonymous_10)
FN:205,InfoTab
FN:221,ProcesosTab
FN:224,(anonymous_13)
FN:224,(anonymous_14)
FN:226,(anonymous_15)
FN:231,(anonymous_16)
FN:246,(anonymous_17)
FN:252,(anonymous_18)
FN:257,(anonymous_19)
FN:279,RepuestosTab
FN:280,(anonymous_21)
FN:281,(anonymous_22)
FN:283,(anonymous_23)
FN:283,(anonymous_24)
FN:288,(anonymous_25)
FN:294,(anonymous_26)
FN:337,FotosTab
FN:340,(anonymous_28)
FN:340,(anonymous_29)
FN:342,(anonymous_30)
FN:344,(anonymous_31)
FN:353,(anonymous_32)
FN:369,(anonymous_33)
FN:375,(anonymous_34)
FN:382,(anonymous_35)
FN:403,FinanzasTab
FN:416,(anonymous_37)
FN:420,(anonymous_38)
FN:422,(anonymous_39)
FN:423,(anonymous_40)
FN:429,(anonymous_41)
FN:430,(anonymous_42)
FN:430,(anonymous_43)
FN:435,(anonymous_44)
FN:437,(anonymous_45)
FN:461,(anonymous_46)
FN:466,(anonymous_47)
FN:480,(anonymous_48)
FN:492,(anonymous_49)
FN:512,(anonymous_50)
FN:548,(anonymous_51)
FN:552,(anonymous_52)
FN:581,(anonymous_53)
FN:585,(anonymous_54)
FN:607,(anonymous_55)
FN:625,(anonymous_56)
FN:630,(anonymous_57)
FN:664,(anonymous_58)
FN:668,(anonymous_59)
FN:693,EntregaTab
FN:701,(anonymous_61)
FN:713,(anonymous_62)
FN:797,(anonymous_63)
FN:807,(anonymous_64)
FN:822,InfoRow
FN:831,FinRow
FNF:67
FNH:0
FNDA:0,TicketDetailScreen
FNDA:0,(anonymous_1)
FNDA:0,(anonymous_2)
FNDA:0,(anonymous_3)
FNDA:0,(anonymous_4)
FNDA:0,(anonymous_5)
FNDA:0,(anonymous_6)
FNDA:0,(anonymous_7)
FNDA:0,(anonymous_8)
FNDA:0,(anonymous_9)
FNDA:0,(anonymous_10)
FNDA:0,InfoTab
FNDA:0,ProcesosTab
FNDA:0,(anonymous_13)
FNDA:0,(anonymous_14)
FNDA:0,(anonymous_15)
FNDA:0,(anonymous_16)
FNDA:0,(anonymous_17)
FNDA:0,(anonymous_18)
FNDA:0,(anonymous_19)
FNDA:0,RepuestosTab
FNDA:0,(anonymous_21)
FNDA:0,(anonymous_22)
FNDA:0,(anonymous_23)
FNDA:0,(anonymous_24)
FNDA:0,(anonymous_25)
FNDA:0,(anonymous_26)
FNDA:0,FotosTab
FNDA:0,(anonymous_28)
FNDA:0,(anonymous_29)
FNDA:0,(anonymous_30)
FNDA:0,(anonymous_31)
FNDA:0,(anonymous_32)
FNDA:0,(anonymous_33)
FNDA:0,(anonymous_34)
FNDA:0,(anonymous_35)
FNDA:0,FinanzasTab
FNDA:0,(anonymous_37)
FNDA:0,(anonymous_38)
FNDA:0,(anonymous_39)
FNDA:0,(anonymous_40)
FNDA:0,(anonymous_41)
FNDA:0,(anonymous_42)
FNDA:0,(anonymous_43)
FNDA:0,(anonymous_44)
FNDA:0,(anonymous_45)
FNDA:0,(anonymous_46)
FNDA:0,(anonymous_47)
FNDA:0,(anonymous_48)
FNDA:0,(anonymous_49)
FNDA:0,(anonymous_50)
FNDA:0,(anonymous_51)
FNDA:0,(anonymous_52)
FNDA:0,(anonymous_53)
FNDA:0,(anonymous_54)
FNDA:0,(anonymous_55)
FNDA:0,(anonymous_56)
FNDA:0,(anonymous_57)
FNDA:0,(anonymous_58)
FNDA:0,(anonymous_59)
FNDA:0,EntregaTab
FNDA:0,(anonymous_61)
FNDA:0,(anonymous_62)
FNDA:0,(anonymous_63)
FNDA:0,(anonymous_64)
FNDA:0,InfoRow
FNDA:0,FinRow
DA:14,0
DA:20,0
DA:27,0
DA:28,0
DA:29,0
DA:30,0
DA:31,0
DA:32,0
DA:33,0
DA:34,0
DA:35,0
DA:36,0
DA:37,0
DA:38,0
DA:39,0
DA:41,0
DA:42,0
DA:43,0
DA:51,0
DA:52,0
DA:53,0
DA:54,0
DA:55,0
DA:56,0
DA:57,0
DA:59,0
DA:60,0
DA:64,0
DA:66,0
DA:67,0
DA:68,0
DA:69,0
DA:70,0
DA:78,0
DA:79,0
DA:80,0
DA:81,0
DA:83,0
DA:85,0
DA:93,0
DA:94,0
DA:101,0
DA:103,0
DA:104,0
DA:105,0
DA:106,0
DA:107,0
DA:109,0
DA:118,0
DA:147,0
DA:150,0
DA:161,0
DA:164,0
DA:183,0
DA:197,0
DA:206,0
DA:222,0
DA:223,0
DA:224,0
DA:226,0
DA:227,0
DA:232,0
DA:233,0
DA:234,0
DA:236,0
DA:243,0
DA:246,0
DA:253,0
DA:257,0
DA:280,0
DA:281,0
DA:282,0
DA:283,0
DA:285,0
DA:288,0
DA:295,0
DA:296,0
DA:299,0
DA:338,0
DA:339,0
DA:340,0
DA:342,0
DA:344,0
DA:345,0
DA:354,0
DA:355,0
DA:356,0
DA:358,0
DA:366,0
DA:369,0
DA:376,0
DA:382,0
DA:404,0
DA:405,0
DA:406,0
DA:407,0
DA:408,0
DA:409,0
DA:410,0
DA:411,0
DA:413,0
DA:416,0
DA:417,0
DA:418,0
DA:420,0
DA:422,0
DA:423,0
DA:424,0
DA:425,0
DA:429,0
DA:430,0
DA:433,0
DA:434,0
DA:435,0
DA:437,0
DA:438,0
DA:439,0
DA:440,0
DA:442,0
DA:443,0
DA:444,0
DA:445,0
DA:447,0
DA:448,0
DA:449,0
DA:450,0
DA:451,0
DA:452,0
DA:453,0
DA:455,0
DA:457,0
DA:461,0
DA:462,0
DA:467,0
DA:468,0
DA:469,0
DA:470,0
DA:471,0
DA:473,0
DA:480,0
DA:481,0
DA:482,0
DA:483,0
DA:484,0
DA:485,0
DA:486,0
DA:488,0
DA:492,0
DA:493,0
DA:494,0
DA:495,0
DA:497,0
DA:498,0
DA:499,0
DA:503,0
DA:504,0
DA:506,0
DA:508,0
DA:512,0
DA:514,0
DA:549,0
DA:552,0
DA:582,0
DA:585,0
DA:607,0
DA:626,0
DA:630,0
DA:665,0
DA:668,0
DA:694,0
DA:695,0
DA:696,0
DA:697,0
DA:698,0
DA:699,0
DA:701,0
DA:702,0
DA:703,0
DA:704,0
DA:706,0
DA:714,0
DA:715,0
DA:716,0
DA:722,0
DA:723,0
DA:725,0
DA:727,0
DA:735,0
DA:798,0
DA:799,0
DA:808,0
DA:809,0
DA:810,0
DA:812,0
DA:823,0
DA:832,0
DA:840,0
LF:197
LH:0
BRDA:68,0,0,0
BRDA:68,0,1,0
BRDA:93,1,0,0
BRDA:93,1,1,0
BRDA:101,2,0,0
BRDA:101,2,1,0
BRDA:103,3,0,0
BRDA:103,3,1,0
BRDA:111,4,0,0
BRDA:111,4,1,0
BRDA:112,5,0,0
BRDA:112,5,1,0
BRDA:113,6,0,0
BRDA:113,6,1,0
BRDA:115,7,0,0
BRDA:115,7,1,0
BRDA:129,8,0,0
BRDA:129,8,1,0
BRDA:131,9,0,0
BRDA:131,9,1,0
BRDA:135,10,0,0
BRDA:135,10,1,0
BRDA:149,11,0,0
BRDA:149,11,1,0
BRDA:152,12,0,0
BRDA:152,12,1,0
BRDA:158,13,0,0
BRDA:158,13,1,0
BRDA:163,14,0,0
BRDA:163,14,1,0
BRDA:166,15,0,0
BRDA:166,15,1,0
BRDA:185,16,0,0
BRDA:185,16,1,0
BRDA:186,17,0,0
BRDA:186,17,1,0
BRDA:189,18,0,0
BRDA:189,18,1,0
BRDA:192,19,0,0
BRDA:192,19,1,0
BRDA:195,20,0,0
BRDA:195,20,1,0
BRDA:196,21,0,0
BRDA:196,21,1,0
BRDA:208,22,0,0
BRDA:208,22,1,0
BRDA:209,23,0,0
BRDA:209,23,1,0
BRDA:212,24,0,0
BRDA:212,24,1,0
BRDA:213,25,0,0
BRDA:213,25,1,0
BRDA:214,26,0,0
BRDA:214,26,1,0
BRDA:245,27,0,0
BRDA:245,27,1,0
BRDA:250,28,0,0
BRDA:250,28,1,0
BRDA:254,29,0,0
BRDA:254,29,1,0
BRDA:262,30,0,0
BRDA:262,30,1,0
BRDA:262,31,0,0
BRDA:262,31,1,0
BRDA:270,32,0,0
BRDA:270,32,1,0
BRDA:271,33,0,0
BRDA:271,33,1,0
BRDA:279,34,0,0
BRDA:280,35,0,0
BRDA:280,35,1,0
BRDA:281,36,0,0
BRDA:281,36,1,0
BRDA:287,37,0,0
BRDA:287,37,1,0
BRDA:292,38,0,0
BRDA:292,38,1,0
BRDA:296,39,0,0
BRDA:296,39,1,0
BRDA:296,40,0,0
BRDA:296,40,1,0
BRDA:297,41,0,0
BRDA:297,41,1,0
BRDA:301,42,0,0
BRDA:301,42,1,0
BRDA:311,43,0,0
BRDA:311,43,1,0
BRDA:321,44,0,0
BRDA:321,44,1,0
BRDA:322,45,0,0
BRDA:322,45,1,0
BRDA:325,46,0,0
BRDA:325,46,1,0
BRDA:326,47,0,0
BRDA:326,47,1,0
BRDA:368,48,0,0
BRDA:368,48,1,0
BRDA:373,49,0,0
BRDA:373,49,1,0
BRDA:381,50,0,0
BRDA:381,50,1,0
BRDA:387,51,0,0
BRDA:387,51,1,0
BRDA:394,52,0,0
BRDA:394,52,1,0
BRDA:403,53,0,0
BRDA:418,54,0,0
BRDA:418,54,1,0
BRDA:424,55,0,0
BRDA:424,55,1,0
BRDA:430,56,0,0
BRDA:430,56,1,0
BRDA:433,57,0,0
BRDA:433,57,1,0
BRDA:435,58,0,0
BRDA:435,58,1,0
BRDA:438,59,0,0
BRDA:438,59,1,0
BRDA:443,60,0,0
BRDA:443,60,1,0
BRDA:443,61,0,0
BRDA:443,61,1,0
BRDA:453,62,0,0
BRDA:453,62,1,0
BRDA:484,63,0,0
BRDA:484,63,1,0
BRDA:493,64,0,0
BRDA:493,64,1,0
BRDA:517,65,0,0
BRDA:517,65,1,0
BRDA:530,66,0,0
BRDA:530,66,1,0
BRDA:545,67,0,0
BRDA:545,67,1,0
BRDA:552,68,0,0
BRDA:552,68,1,0
BRDA:553,69,0,0
BRDA:553,69,1,0
BRDA:564,70,0,0
BRDA:564,70,1,0
BRDA:571,71,0,0
BRDA:571,71,1,0
BRDA:577,72,0,0
BRDA:577,72,1,0
BRDA:611,73,0,0
BRDA:611,73,1,0
BRDA:615,74,0,0
BRDA:615,74,1,0
BRDA:623,75,0,0
BRDA:623,75,1,0
BRDA:639,76,0,0
BRDA:639,76,1,0
BRDA:646,77,0,0
BRDA:646,77,1,0
BRDA:667,78,0,0
BRDA:667,78,1,0
BRDA:670,79,0,0
BRDA:670,79,1,0
BRDA:676,80,0,0
BRDA:676,80,1,0
BRDA:680,81,0,0
BRDA:680,81,1,0
BRDA:702,82,0,0
BRDA:702,82,1,0
BRDA:718,83,0,0
BRDA:718,83,1,0
BRDA:719,84,0,0
BRDA:719,84,1,0
BRDA:720,85,0,0
BRDA:720,85,1,0
BRDA:785,86,0,0
BRDA:785,86,1,0
BRDA:789,87,0,0
BRDA:789,87,1,0
BRDA:835,88,0,0
BRDA:835,88,1,0
BRF:176
BRH:0
end_of_record
TN:
SF:src\screens\TicketListScreen.js
FN:10,TicketListScreen
FN:19,(anonymous_1)
FN:33,(anonymous_2)
FN:38,(anonymous_3)
FN:42,(anonymous_4)
FN:50,(anonymous_5)
FN:82,(anonymous_6)
FN:90,(anonymous_7)
FN:93,(anonymous_8)
FN:101,TicketCard
FNF:10
FNH:0
FNDA:0,TicketListScreen
FNDA:0,(anonymous_1)
FNDA:0,(anonymous_2)
FNDA:0,(anonymous_3)
FNDA:0,(anonymous_4)
FNDA:0,(anonymous_5)
FNDA:0,(anonymous_6)
FNDA:0,(anonymous_7)
FNDA:0,(anonymous_8)
FNDA:0,TicketCard
DA:11,0
DA:12,0
DA:13,0
DA:14,0
DA:15,0
DA:16,0
DA:17,0
DA:19,0
DA:20,0
DA:21,0
DA:22,0
DA:23,0
DA:24,0
DA:26,0
DA:28,0
DA:29,0
DA:33,0
DA:34,0
DA:35,0
DA:38,0
DA:39,0
DA:40,0
DA:43,0
DA:50,0
DA:52,0
DA:53,0
DA:60,0
DA:61,0
DA:71,0
DA:82,0
DA:91,0
DA:93,0
DA:102,0
DA:103,0
DA:107,0
DA:125,0
LF:36
LH:0
BRDA:11,0,0,0
BRDA:11,1,0,0
BRDA:11,2,0,0
BRDA:11,2,1,0
BRDA:43,3,0,0
BRDA:43,3,1,0
BRDA:43,3,2,0
BRDA:45,4,0,0
BRDA:45,4,1,0
BRDA:52,5,0,0
BRDA:52,5,1,0
BRDA:60,6,0,0
BRDA:60,6,1,0
BRDA:84,7,0,0
BRDA:84,7,1,0
BRDA:102,8,0,0
BRDA:102,8,1,0
BRDA:118,9,0,0
BRDA:118,9,1,0
BRF:19
BRH:0
end_of_record
TN:
SF:src\services\authService.js
FN:10,(anonymous_0)
FN:21,(anonymous_1)
FN:30,(anonymous_2)
FN:53,(anonymous_3)
FN:85,(anonymous_4)
FN:91,(anonymous_5)
FN:133,(anonymous_6)
FN:177,(anonymous_7)
FN:194,(anonymous_8)
FN:202,(anonymous_9)
FNF:10
FNH:9
FNDA:1,(anonymous_0)
FNDA:3,(anonymous_1)
FNDA:1,(anonymous_2)
FNDA:2,(anonymous_3)
FNDA:4,(anonymous_4)
FNDA:3,(anonymous_5)
FNDA:0,(anonymous_6)
FNDA:3,(anonymous_7)
FNDA:3,(anonymous_8)
FNDA:1,(anonymous_9)
DA:5,1
DA:6,1
DA:7,1
DA:11,1
DA:12,1
DA:13,1
DA:14,1
DA:22,3
DA:23,3
DA:29,3
DA:30,2
DA:31,2
DA:34,1
DA:37,1
DA:43,1
DA:44,1
DA:45,1
DA:47,1
DA:54,2
DA:55,2
DA:56,2
DA:57,2
DA:67,1
DA:70,2
DA:75,2
DA:76,2
DA:77,2
DA:78,2
DA:87,4
DA:88,1
DA:91,3
DA:92,3
DA:93,3
DA:95,3
DA:96,1
DA:99,2
DA:100,2
DA:106,2
DA:107,0
DA:110,2
DA:113,2
DA:118,2
DA:119,2
DA:121,2
DA:123,3
DA:127,3
DA:135,0
DA:137,0
DA:138,0
DA:142,0
DA:151,0
DA:152,0
DA:153,0
DA:156,0
DA:165,0
DA:166,0
DA:167,0
DA:171,0
DA:178,3
DA:179,1
DA:182,2
DA:183,2
DA:184,1
DA:185,1
DA:188,1
DA:195,3
DA:196,3
DA:203,1
DA:209,1
DA:210,1
DA:211,1
DA:213,1
LF:72
LH:59
BRDA:29,0,0,2
BRDA:29,0,1,1
BRDA:31,1,0,2
BRDA:31,1,1,1
BRDA:55,2,0,2
BRDA:55,2,1,0
BRDA:63,3,0,2
BRDA:63,3,1,0
BRDA:87,4,0,1
BRDA:87,4,1,3
BRDA:93,5,0,3
BRDA:93,5,1,1
BRDA:95,6,0,1
BRDA:95,6,1,2
BRDA:106,7,0,0
BRDA:106,7,1,2
BRDA:133,8,0,0
BRDA:135,9,0,0
BRDA:135,9,1,0
BRDA:137,10,0,0
BRDA:137,10,1,0
BRDA:151,11,0,0
BRDA:151,11,1,0
BRDA:178,12,0,1
BRDA:178,12,1,2
BRDA:183,13,0,1
BRDA:183,13,1,1
BRDA:195,14,0,3
BRDA:195,14,1,2
BRDA:211,15,0,1
BRDA:211,15,1,0
BRF:31
BRH:20
end_of_record
TN:
SF:src\services\offlineService.js
FN:10,(anonymous_0)
FN:21,(anonymous_1)
FN:26,(anonymous_2)
FN:46,(anonymous_3)
FN:55,(anonymous_4)
FN:72,(anonymous_5)
FN:79,(anonymous_6)
FN:125,(anonymous_7)
FN:145,(anonymous_8)
FN:166,(anonymous_9)
FN:174,(anonymous_10)
FN:178,(anonymous_11)
FN:180,(anonymous_12)
FN:190,(anonymous_13)
FN:192,(anonymous_14)
FN:202,(anonymous_15)
FN:212,(anonymous_16)
FN:223,(anonymous_17)
FN:246,(anonymous_18)
FN:248,(anonymous_19)
FN:266,(anonymous_20)
FN:276,(anonymous_21)
FN:283,(anonymous_22)
FN:285,(anonymous_23)
FN:286,(anonymous_24)
FN:293,(anonymous_25)
FN:300,(anonymous_26)
FN:312,(anonymous_27)
FNF:28
FNH:0
FNDA:0,(anonymous_0)
FNDA:0,(anonymous_1)
FNDA:0,(anonymous_2)
FNDA:0,(anonymous_3)
FNDA:0,(anonymous_4)
FNDA:0,(anonymous_5)
FNDA:0,(anonymous_6)
FNDA:0,(anonymous_7)
FNDA:0,(anonymous_8)
FNDA:0,(anonymous_9)
FNDA:0,(anonymous_10)
FNDA:0,(anonymous_11)
FNDA:0,(anonymous_12)
FNDA:0,(anonymous_13)
FNDA:0,(anonymous_14)
FNDA:0,(anonymous_15)
FNDA:0,(anonymous_16)
FNDA:0,(anonymous_17)
FNDA:0,(anonymous_18)
FNDA:0,(anonymous_19)
FNDA:0,(anonymous_20)
FNDA:0,(anonymous_21)
FNDA:0,(anonymous_22)
FNDA:0,(anonymous_23)
FNDA:0,(anonymous_24)
FNDA:0,(anonymous_25)
FNDA:0,(anonymous_26)
FNDA:0,(anonymous_27)
DA:6,0
DA:7,0
DA:11,0
DA:12,0
DA:13,0
DA:14,0
DA:15,0
DA:23,0
DA:26,0
DA:27,0
DA:28,0
DA:31,0
DA:32,0
DA:35,0
DA:39,0
DA:40,0
DA:47,0
DA:48,0
DA:56,0
DA:62,0
DA:63,0
DA:64,0
DA:66,0
DA:73,0
DA:80,0
DA:81,0
DA:84,0
DA:85,0
DA:87,0
DA:88,0
DA:89,0
DA:90,0
DA:92,0
DA:93,0
DA:94,0
DA:96,0
DA:99,0
DA:107,0
DA:108,0
DA:109,0
DA:110,0
DA:112,0
DA:114,0
DA:116,0
DA:118,0
DA:119,0
DA:124,0
DA:125,0
DA:128,0
DA:129,0
DA:131,0
DA:133,0
DA:134,0
DA:135,0
DA:137,0
DA:138,0
DA:146,0
DA:148,0
DA:149,0
DA:150,0
DA:151,0
DA:153,0
DA:154,0
DA:155,0
DA:156,0
DA:157,0
DA:160,0
DA:165,0
DA:166,0
DA:167,0
DA:175,0
DA:176,0
DA:178,0
DA:179,0
DA:180,0
DA:181,0
DA:192,0
DA:193,0
DA:194,0
DA:203,0
DA:204,0
DA:205,0
DA:213,0
DA:214,0
DA:224,0
DA:225,0
DA:227,0
DA:228,0
DA:231,0
DA:232,0
DA:234,0
DA:236,0
DA:237,0
DA:240,0
DA:247,0
DA:248,0
DA:250,0
DA:251,0
DA:252,0
DA:253,0
DA:254,0
DA:256,0
DA:257,0
DA:267,0
DA:268,0
DA:269,0
DA:277,0
DA:284,0
DA:285,0
DA:286,0
DA:294,0
DA:300,0
DA:301,0
DA:302,0
DA:304,0
DA:313,0
LF:116
LH:0
BRDA:28,0,0,0
BRDA:28,0,1,0
BRDA:31,1,0,0
BRDA:31,1,1,0
BRDA:31,2,0,0
BRDA:31,2,1,0
BRDA:40,3,0,0
BRDA:40,3,1,0
BRDA:47,4,0,0
BRDA:47,4,1,0
BRDA:80,5,0,0
BRDA:80,5,1,0
BRDA:80,6,0,0
BRDA:80,6,1,0
BRDA:80,6,2,0
BRDA:94,7,0,0
BRDA:94,7,1,0
BRDA:107,8,0,0
BRDA:107,8,1,0
BRDA:109,9,0,0
BRDA:109,9,1,0
BRDA:109,10,0,0
BRDA:109,10,1,0
BRDA:150,11,0,0
BRDA:150,11,1,0
BRDA:151,12,0,0
BRDA:151,12,1,0
BRDA:153,13,0,0
BRDA:153,13,1,0
BRDA:156,14,0,0
BRDA:156,14,1,0
BRDA:165,15,0,0
BRDA:165,15,1,0
BRDA:167,16,0,0
BRDA:167,16,1,0
BRDA:174,17,0,0
BRDA:179,18,0,0
BRDA:179,18,1,0
BRDA:179,19,0,0
BRDA:179,19,1,0
BRDA:193,20,0,0
BRDA:193,20,1,0
BRDA:193,21,0,0
BRDA:193,21,1,0
BRDA:193,21,2,0
BRDA:203,22,0,0
BRDA:203,22,1,0
BRDA:223,23,0,0
BRDA:227,24,0,0
BRDA:227,24,1,0
BRDA:234,25,0,0
BRDA:234,25,1,0
BRDA:246,26,0,0
BRDA:252,27,0,0
BRDA:252,27,1,0
BRDA:256,28,0,0
BRDA:256,28,1,0
BRDA:268,29,0,0
BRDA:268,29,1,0
BRF:59
BRH:0
end_of_record
TN:
SF:src\services\sessionEvents.js
FN:5,(anonymous_0)
FN:7,(anonymous_1)
FN:12,(anonymous_2)
FN:13,(anonymous_3)
FNF:4
FNH:0
FNDA:0,(anonymous_0)
FNDA:0,(anonymous_1)
FNDA:0,(anonymous_2)
FNDA:0,(anonymous_3)
DA:2,1
DA:4,1
DA:6,0
DA:7,0
DA:8,0
DA:9,0
DA:13,0
LF:7
LH:2
BRDA:9,0,0,0
BRDA:9,0,1,0
BRF:2
BRH:0
end_of_record
